2020-07-14 08:32:22,477 INFO 60531 [Job#15946867424765400638646346560] /Users/shenyangchun/Documents/github/egg-example/app/schedule/order.js executing by app
2020-07-14 08:32:22,477 INFO 60531 [Job#15946867424765400638646346560] /Users/shenyangchun/Documents/github/egg-example/app/schedule/order.js execute succeed, used 0ms
2020-07-14 08:32:22,477 INFO 60313 [Timer] /Users/shenyangchun/Documents/github/egg-example/app/schedule/order.js next time will execute after 60000ms at 2020-07-14 08:33:22.476
2020-07-14 08:53:19,596 INFO 60313 [Timer] /Users/shenyangchun/Documents/github/egg-example/app/schedule/order.js next time will execute after 60000ms at 2020-07-14 08:54:19.596
2020-07-14 08:53:19,597 INFO 60531 [Job#15946879995965401239591001161] /Users/shenyangchun/Documents/github/egg-example/app/schedule/order.js executing by app
2020-07-14 08:53:19,597 INFO 60531 [Job#15946879995965401239591001161] /Users/shenyangchun/Documents/github/egg-example/app/schedule/order.js execute succeed, used 0ms
2020-07-14 09:28:49,149 INFO 60313 [Timer] /Users/shenyangchun/Documents/github/egg-example/app/schedule/order.js next time will execute after 60000ms at 2020-07-14 09:29:49.149
2020-07-14 09:28:49,149 INFO 60531 [Job#159469012914854018310660144662] /Users/shenyangchun/Documents/github/egg-example/app/schedule/order.js executing by app
2020-07-14 09:28:49,149 INFO 60531 [Job#159469012914854018310660144662] /Users/shenyangchun/Documents/github/egg-example/app/schedule/order.js execute succeed, used 0ms
2020-07-14 10:42:59,133 INFO 60313 [Timer] /Users/shenyangchun/Documents/github/egg-example/app/schedule/order.js next time will execute after 60000ms at 2020-07-14 10:43:59.133
2020-07-14 10:42:59,133 INFO 60531 [Job#159469457913354024311238596363] /Users/shenyangchun/Documents/github/egg-example/app/schedule/order.js executing by app
2020-07-14 10:42:59,133 INFO 60531 [Job#159469457913354024311238596363] /Users/shenyangchun/Documents/github/egg-example/app/schedule/order.js execute succeed, used 0ms
2020-07-14 11:18:28,508 INFO 60531 [Job#159469670850754030311882887764] /Users/shenyangchun/Documents/github/egg-example/app/schedule/order.js executing by app
2020-07-14 11:18:28,509 INFO 60531 [Job#159469670850754030311882887764] /Users/shenyangchun/Documents/github/egg-example/app/schedule/order.js execute succeed, used 0ms
2020-07-14 11:18:28,507 INFO 60313 [Timer] /Users/shenyangchun/Documents/github/egg-example/app/schedule/order.js next time will execute after 60000ms at 2020-07-14 11:19:28.507
2020-07-14 12:12:42,312 INFO 60313 [Timer] /Users/shenyangchun/Documents/github/egg-example/app/schedule/order.js next time will execute after 60000ms at 2020-07-14 12:13:42.312
2020-07-14 12:12:42,313 INFO 60531 [Job#159469996231254036312361078865] /Users/shenyangchun/Documents/github/egg-example/app/schedule/order.js executing by app
2020-07-14 12:12:42,313 INFO 60531 [Job#159469996231254036312361078865] /Users/shenyangchun/Documents/github/egg-example/app/schedule/order.js execute succeed, used 0ms
2020-07-14 12:33:42,093 INFO 60313 [Timer] /Users/shenyangchun/Documents/github/egg-example/app/schedule/order.js next time will execute after 60000ms at 2020-07-14 12:34:42.093
2020-07-14 12:33:42,093 INFO 60531 [Job#159470122209354042313136355066] /Users/shenyangchun/Documents/github/egg-example/app/schedule/order.js executing by app
2020-07-14 12:33:42,094 INFO 60531 [Job#159470122209354042313136355066] /Users/shenyangchun/Documents/github/egg-example/app/schedule/order.js execute succeed, used 0ms
2020-07-14 13:09:09,097 INFO 60313 [Timer] /Users/shenyangchun/Documents/github/egg-example/app/schedule/order.js next time will execute after 60000ms at 2020-07-14 13:10:09.097
2020-07-14 13:09:09,098 INFO 60531 [Job#159470334909754048313772373567] /Users/shenyangchun/Documents/github/egg-example/app/schedule/order.js executing by app
2020-07-14 13:09:09,098 INFO 60531 [Job#159470334909754048313772373567] /Users/shenyangchun/Documents/github/egg-example/app/schedule/order.js execute succeed, used 0ms
2020-07-14 14:03:22,838 INFO 60531 [Job#159470660283754054314565602068] /Users/shenyangchun/Documents/github/egg-example/app/schedule/order.js executing by app
2020-07-14 14:03:22,838 INFO 60531 [Job#159470660283754054314565602068] /Users/shenyangchun/Documents/github/egg-example/app/schedule/order.js execute succeed, used 0ms
2020-07-14 14:03:22,837 INFO 60313 [Timer] /Users/shenyangchun/Documents/github/egg-example/app/schedule/order.js next time will execute after 60000ms at 2020-07-14 14:04:22.837
2020-07-14 14:24:19,736 INFO 60531 [Job#159470785973654060315494194269] /Users/shenyangchun/Documents/github/egg-example/app/schedule/order.js executing by app
2020-07-14 14:24:19,737 INFO 60531 [Job#159470785973654060315494194269] /Users/shenyangchun/Documents/github/egg-example/app/schedule/order.js execute succeed, used 1ms
2020-07-14 14:24:19,736 INFO 60313 [Timer] /Users/shenyangchun/Documents/github/egg-example/app/schedule/order.js next time will execute after 60000ms at 2020-07-14 14:25:19.736
2020-07-14 14:59:48,480 INFO 60313 [Timer] /Users/shenyangchun/Documents/github/egg-example/app/schedule/order.js next time will execute after 60000ms at 2020-07-14 15:00:48.480
2020-07-14 14:59:48,481 INFO 60531 [Job#159470998848054066316467150270] /Users/shenyangchun/Documents/github/egg-example/app/schedule/order.js executing by app
2020-07-14 14:59:48,481 INFO 60531 [Job#159470998848054066316467150270] /Users/shenyangchun/Documents/github/egg-example/app/schedule/order.js execute succeed, used 0ms
2020-07-14 15:00:48,484 INFO 60313 [Timer] /Users/shenyangchun/Documents/github/egg-example/app/schedule/order.js next time will execute after 60000ms at 2020-07-14 15:01:48.484
2020-07-14 15:00:48,484 INFO 60531 [Job#159471004848454072317072425771] /Users/shenyangchun/Documents/github/egg-example/app/schedule/order.js executing by app
2020-07-14 15:00:48,485 INFO 60531 [Job#159471004848454072317072425771] /Users/shenyangchun/Documents/github/egg-example/app/schedule/order.js execute succeed, used 0ms
2020-07-14 15:01:48,486 INFO 60313 [Timer] /Users/shenyangchun/Documents/github/egg-example/app/schedule/order.js next time will execute after 60000ms at 2020-07-14 15:02:48.486
2020-07-14 15:01:48,487 INFO 60531 [Job#159471010848654078317536273472] /Users/shenyangchun/Documents/github/egg-example/app/schedule/order.js executing by app
2020-07-14 15:01:48,487 INFO 60531 [Job#159471010848654078317536273472] /Users/shenyangchun/Documents/github/egg-example/app/schedule/order.js execute succeed, used 0ms
2020-07-14 15:02:48,490 INFO 60313 [Timer] /Users/shenyangchun/Documents/github/egg-example/app/schedule/order.js next time will execute after 60000ms at 2020-07-14 15:03:48.490
2020-07-14 15:02:48,491 INFO 60531 [Job#159471016849054084318136349473] /Users/shenyangchun/Documents/github/egg-example/app/schedule/order.js executing by app
2020-07-14 15:02:48,491 INFO 60531 [Job#159471016849054084318136349473] /Users/shenyangchun/Documents/github/egg-example/app/schedule/order.js execute succeed, used 0ms
2020-07-14 15:03:48,495 INFO 60313 [Timer] /Users/shenyangchun/Documents/github/egg-example/app/schedule/order.js next time will execute after 60000ms at 2020-07-14 15:04:48.495
2020-07-14 15:03:48,495 INFO 60531 [Job#159471022849554090318862152874] /Users/shenyangchun/Documents/github/egg-example/app/schedule/order.js executing by app
2020-07-14 15:03:48,496 INFO 60531 [Job#159471022849554090318862152874] /Users/shenyangchun/Documents/github/egg-example/app/schedule/order.js execute succeed, used 0ms
2020-07-14 15:04:48,503 INFO 60531 [Job#159471028850354096319828766075] /Users/shenyangchun/Documents/github/egg-example/app/schedule/order.js executing by app
2020-07-14 15:04:48,503 INFO 60531 [Job#159471028850354096319828766075] /Users/shenyangchun/Documents/github/egg-example/app/schedule/order.js execute succeed, used 0ms
2020-07-14 15:04:48,503 INFO 60313 [Timer] /Users/shenyangchun/Documents/github/egg-example/app/schedule/order.js next time will execute after 60000ms at 2020-07-14 15:05:48.503
2020-07-14 15:54:00,258 INFO 60313 [Timer] /Users/shenyangchun/Documents/github/egg-example/app/schedule/order.js next time will execute after 60000ms at 2020-07-14 15:55:00.258
2020-07-14 15:54:00,258 INFO 60531 [Job#159471324025854102320672740776] /Users/shenyangchun/Documents/github/egg-example/app/schedule/order.js executing by app
2020-07-14 15:54:00,259 INFO 60531 [Job#159471324025854102320672740776] /Users/shenyangchun/Documents/github/egg-example/app/schedule/order.js execute succeed, used 1ms
2020-07-14 16:14:56,520 INFO 60531 [Job#159471449652054108321479276277] /Users/shenyangchun/Documents/github/egg-example/app/schedule/order.js executing by app
2020-07-14 16:14:56,520 INFO 60531 [Job#159471449652054108321479276277] /Users/shenyangchun/Documents/github/egg-example/app/schedule/order.js execute succeed, used 0ms
2020-07-14 16:14:56,520 INFO 60313 [Timer] /Users/shenyangchun/Documents/github/egg-example/app/schedule/order.js next time will execute after 60000ms at 2020-07-14 16:15:56.520
2020-07-14 16:15:56,523 INFO 60313 [Timer] /Users/shenyangchun/Documents/github/egg-example/app/schedule/order.js next time will execute after 60000ms at 2020-07-14 16:16:56.523
2020-07-14 16:15:56,523 INFO 60531 [Job#159471455652254114321993060778] /Users/shenyangchun/Documents/github/egg-example/app/schedule/order.js executing by app
2020-07-14 16:15:56,524 INFO 60531 [Job#159471455652254114321993060778] /Users/shenyangchun/Documents/github/egg-example/app/schedule/order.js execute succeed, used 1ms
2020-07-14 16:16:56,527 INFO 60531 [Job#159471461652654120322591272979] /Users/shenyangchun/Documents/github/egg-example/app/schedule/order.js executing by app
2020-07-14 16:16:56,527 INFO 60531 [Job#159471461652654120322591272979] /Users/shenyangchun/Documents/github/egg-example/app/schedule/order.js execute succeed, used 0ms
2020-07-14 16:16:56,526 INFO 60313 [Timer] /Users/shenyangchun/Documents/github/egg-example/app/schedule/order.js next time will execute after 60000ms at 2020-07-14 16:17:56.526
2020-07-14 16:17:56,534 INFO 60313 [Timer] /Users/shenyangchun/Documents/github/egg-example/app/schedule/order.js next time will execute after 60000ms at 2020-07-14 16:18:56.534
2020-07-14 16:17:56,535 INFO 60531 [Job#159471467653454126323620447180] /Users/shenyangchun/Documents/github/egg-example/app/schedule/order.js executing by app
2020-07-14 16:17:56,535 INFO 60531 [Job#159471467653454126323620447180] /Users/shenyangchun/Documents/github/egg-example/app/schedule/order.js execute succeed, used 0ms
2020-07-14 16:18:56,541 INFO 60531 [Job#159471473654054132324456449781] /Users/shenyangchun/Documents/github/egg-example/app/schedule/order.js executing by app
2020-07-14 16:18:56,541 INFO 60531 [Job#159471473654054132324456449781] /Users/shenyangchun/Documents/github/egg-example/app/schedule/order.js execute succeed, used 0ms
2020-07-14 16:18:56,541 INFO 60313 [Timer] /Users/shenyangchun/Documents/github/egg-example/app/schedule/order.js next time will execute after 60000ms at 2020-07-14 16:19:56.541
2020-07-14 16:50:24,445 INFO 60531 [Job#159471662444554138325282472982] /Users/shenyangchun/Documents/github/egg-example/app/schedule/order.js executing by app
2020-07-14 16:50:24,445 INFO 60531 [Job#159471662444554138325282472982] /Users/shenyangchun/Documents/github/egg-example/app/schedule/order.js execute succeed, used 0ms
2020-07-14 16:50:24,445 INFO 60313 [Timer] /Users/shenyangchun/Documents/github/egg-example/app/schedule/order.js next time will execute after 60000ms at 2020-07-14 16:51:24.445
2020-07-14 17:44:38,586 INFO 60531 [Job#159471987858554144326026645083] /Users/shenyangchun/Documents/github/egg-example/app/schedule/order.js executing by app
2020-07-14 17:44:38,587 INFO 60531 [Job#159471987858554144326026645083] /Users/shenyangchun/Documents/github/egg-example/app/schedule/order.js execute succeed, used 1ms
2020-07-14 17:44:38,585 INFO 60313 [Timer] /Users/shenyangchun/Documents/github/egg-example/app/schedule/order.js next time will execute after 60000ms at 2020-07-14 17:45:38.585
2020-07-14 18:05:35,399 INFO 60313 [Timer] /Users/shenyangchun/Documents/github/egg-example/app/schedule/order.js next time will execute after 60000ms at 2020-07-14 18:06:35.399
2020-07-14 18:05:35,399 INFO 60531 [Job#159472113539954150326813079284] /Users/shenyangchun/Documents/github/egg-example/app/schedule/order.js executing by app
2020-07-14 18:05:35,400 INFO 60531 [Job#159472113539954150326813079284] /Users/shenyangchun/Documents/github/egg-example/app/schedule/order.js execute succeed, used 1ms
2020-07-14 18:58:33,635 INFO 60531 [Job#159472431319854157355817938285] /Users/shenyangchun/Documents/github/egg-example/app/schedule/order.js executing by app
2020-07-14 18:58:33,690 INFO 60531 [Job#159472431319854157355817938285] /Users/shenyangchun/Documents/github/egg-example/app/schedule/order.js execute succeed, used 32ms
2020-07-14 18:58:33,478 INFO 60313 [Timer] /Users/shenyangchun/Documents/github/egg-example/app/schedule/order.js next time will execute after 60000ms at 2020-07-14 18:59:33.473
2020-07-14 18:59:34,233 INFO 60531 [Job#159472437423354163361199295486] /Users/shenyangchun/Documents/github/egg-example/app/schedule/order.js executing by app
2020-07-14 18:59:34,234 INFO 60531 [Job#159472437423354163361199295486] /Users/shenyangchun/Documents/github/egg-example/app/schedule/order.js execute succeed, used 1ms
2020-07-14 18:59:34,233 INFO 60313 [Timer] /Users/shenyangchun/Documents/github/egg-example/app/schedule/order.js next time will execute after 60000ms at 2020-07-14 19:00:34.233
2020-07-14 19:00:34,234 INFO 60531 [Job#159472443423354169361451404887] /Users/shenyangchun/Documents/github/egg-example/app/schedule/order.js executing by app
2020-07-14 19:00:34,234 INFO 60531 [Job#159472443423354169361451404887] /Users/shenyangchun/Documents/github/egg-example/app/schedule/order.js execute succeed, used 0ms
2020-07-14 19:00:34,233 INFO 60313 [Timer] /Users/shenyangchun/Documents/github/egg-example/app/schedule/order.js next time will execute after 60000ms at 2020-07-14 19:01:34.233
2020-07-14 19:01:34,236 INFO 60531 [Job#159472449423554175361876402188] /Users/shenyangchun/Documents/github/egg-example/app/schedule/order.js executing by app
2020-07-14 19:01:34,236 INFO 60531 [Job#159472449423554175361876402188] /Users/shenyangchun/Documents/github/egg-example/app/schedule/order.js execute succeed, used 0ms
2020-07-14 19:01:34,235 INFO 60313 [Timer] /Users/shenyangchun/Documents/github/egg-example/app/schedule/order.js next time will execute after 60000ms at 2020-07-14 19:02:34.235
2020-07-14 19:02:34,238 INFO 60531 [Job#159472455423754181362257227889] /Users/shenyangchun/Documents/github/egg-example/app/schedule/order.js executing by app
2020-07-14 19:02:34,238 INFO 60531 [Job#159472455423754181362257227889] /Users/shenyangchun/Documents/github/egg-example/app/schedule/order.js execute succeed, used 0ms
2020-07-14 19:02:34,237 INFO 60313 [Timer] /Users/shenyangchun/Documents/github/egg-example/app/schedule/order.js next time will execute after 60000ms at 2020-07-14 19:03:34.237
2020-07-14 19:03:34,239 INFO 60531 [Job#159472461423854187362553850190] /Users/shenyangchun/Documents/github/egg-example/app/schedule/order.js executing by app
2020-07-14 19:03:34,240 INFO 60531 [Job#159472461423854187362553850190] /Users/shenyangchun/Documents/github/egg-example/app/schedule/order.js execute succeed, used 0ms
2020-07-14 19:03:34,238 INFO 60313 [Timer] /Users/shenyangchun/Documents/github/egg-example/app/schedule/order.js next time will execute after 60000ms at 2020-07-14 19:04:34.238
2020-07-14 19:04:34,240 INFO 60531 [Job#159472467423954193362853547891] /Users/shenyangchun/Documents/github/egg-example/app/schedule/order.js executing by app
2020-07-14 19:04:34,240 INFO 60531 [Job#159472467423954193362853547891] /Users/shenyangchun/Documents/github/egg-example/app/schedule/order.js execute succeed, used 0ms
2020-07-14 19:04:34,239 INFO 60313 [Timer] /Users/shenyangchun/Documents/github/egg-example/app/schedule/order.js next time will execute after 60000ms at 2020-07-14 19:05:34.239
2020-07-14 19:05:34,238 INFO 60313 [Timer] /Users/shenyangchun/Documents/github/egg-example/app/schedule/order.js next time will execute after 60000ms at 2020-07-14 19:06:34.238
2020-07-14 19:05:34,239 INFO 60531 [Job#159472473423854199362949937492] /Users/shenyangchun/Documents/github/egg-example/app/schedule/order.js executing by app
2020-07-14 19:05:34,239 INFO 60531 [Job#159472473423854199362949937492] /Users/shenyangchun/Documents/github/egg-example/app/schedule/order.js execute succeed, used 0ms
2020-07-14 19:06:34,239 INFO 60313 [Timer] /Users/shenyangchun/Documents/github/egg-example/app/schedule/order.js next time will execute after 60000ms at 2020-07-14 19:07:34.239
2020-07-14 19:06:34,240 INFO 60531 [Job#159472479423954205363248383993] /Users/shenyangchun/Documents/github/egg-example/app/schedule/order.js executing by app
2020-07-14 19:06:34,240 INFO 60531 [Job#159472479423954205363248383993] /Users/shenyangchun/Documents/github/egg-example/app/schedule/order.js execute succeed, used 0ms
2020-07-14 19:07:34,241 INFO 60531 [Job#159472485424154211363638360094] /Users/shenyangchun/Documents/github/egg-example/app/schedule/order.js executing by app
2020-07-14 19:07:34,242 INFO 60531 [Job#159472485424154211363638360094] /Users/shenyangchun/Documents/github/egg-example/app/schedule/order.js execute succeed, used 1ms
2020-07-14 19:07:34,241 INFO 60313 [Timer] /Users/shenyangchun/Documents/github/egg-example/app/schedule/order.js next time will execute after 60000ms at 2020-07-14 19:08:34.241
2020-07-14 19:08:34,243 INFO 60313 [Timer] /Users/shenyangchun/Documents/github/egg-example/app/schedule/order.js next time will execute after 60000ms at 2020-07-14 19:09:34.243
2020-07-14 19:08:34,244 INFO 60531 [Job#159472491424354217364038592895] /Users/shenyangchun/Documents/github/egg-example/app/schedule/order.js executing by app
2020-07-14 19:08:34,244 INFO 60531 [Job#159472491424354217364038592895] /Users/shenyangchun/Documents/github/egg-example/app/schedule/order.js execute succeed, used 0ms
2020-07-14 19:09:34,248 INFO 60313 [Timer] /Users/shenyangchun/Documents/github/egg-example/app/schedule/order.js next time will execute after 60000ms at 2020-07-14 19:10:34.248
2020-07-14 19:09:34,249 INFO 60531 [Job#159472497424654223364550070696] /Users/shenyangchun/Documents/github/egg-example/app/schedule/order.js executing by app
2020-07-14 19:09:34,249 INFO 60531 [Job#159472497424654223364550070696] /Users/shenyangchun/Documents/github/egg-example/app/schedule/order.js execute succeed, used 0ms
2020-07-14 19:10:34,250 INFO 60531 [Job#159472503424954229365060109897] /Users/shenyangchun/Documents/github/egg-example/app/schedule/order.js executing by app
2020-07-14 19:10:34,250 INFO 60531 [Job#159472503424954229365060109897] /Users/shenyangchun/Documents/github/egg-example/app/schedule/order.js execute succeed, used 0ms
2020-07-14 19:10:34,249 INFO 60313 [Timer] /Users/shenyangchun/Documents/github/egg-example/app/schedule/order.js next time will execute after 60000ms at 2020-07-14 19:11:34.249
2020-07-14 19:11:34,251 INFO 60313 [Timer] /Users/shenyangchun/Documents/github/egg-example/app/schedule/order.js next time will execute after 60000ms at 2020-07-14 19:12:34.251
2020-07-14 19:11:34,252 INFO 60531 [Job#159472509425154235365434932098] /Users/shenyangchun/Documents/github/egg-example/app/schedule/order.js executing by app
2020-07-14 19:11:34,252 INFO 60531 [Job#159472509425154235365434932098] /Users/shenyangchun/Documents/github/egg-example/app/schedule/order.js execute succeed, used 0ms
2020-07-14 19:12:34,253 INFO 60531 [Job#159472515425254241365771227699] /Users/shenyangchun/Documents/github/egg-example/app/schedule/order.js executing by app
2020-07-14 19:12:34,253 INFO 60531 [Job#159472515425254241365771227699] /Users/shenyangchun/Documents/github/egg-example/app/schedule/order.js execute succeed, used 0ms
2020-07-14 19:12:34,253 INFO 60313 [Timer] /Users/shenyangchun/Documents/github/egg-example/app/schedule/order.js next time will execute after 60000ms at 2020-07-14 19:13:34.253
2020-07-14 19:13:34,254 INFO 60313 [Timer] /Users/shenyangchun/Documents/github/egg-example/app/schedule/order.js next time will execute after 60000ms at 2020-07-14 19:14:34.254
2020-07-14 19:13:34,255 INFO 60531 [Job#1594725214254542473661664079100] /Users/shenyangchun/Documents/github/egg-example/app/schedule/order.js executing by app
2020-07-14 19:13:34,255 INFO 60531 [Job#1594725214254542473661664079100] /Users/shenyangchun/Documents/github/egg-example/app/schedule/order.js execute succeed, used 0ms
2020-07-14 19:14:34,255 INFO 60313 [Timer] /Users/shenyangchun/Documents/github/egg-example/app/schedule/order.js next time will execute after 60000ms at 2020-07-14 19:15:34.255
2020-07-14 19:14:34,255 INFO 60531 [Job#1594725274255542533666089306101] /Users/shenyangchun/Documents/github/egg-example/app/schedule/order.js executing by app
2020-07-14 19:14:34,255 INFO 60531 [Job#1594725274255542533666089306101] /Users/shenyangchun/Documents/github/egg-example/app/schedule/order.js execute succeed, used 0ms
2020-07-14 19:15:34,256 INFO 60313 [Timer] /Users/shenyangchun/Documents/github/egg-example/app/schedule/order.js next time will execute after 60000ms at 2020-07-14 19:16:34.256
2020-07-14 19:15:34,256 INFO 60531 [Job#1594725334256542593669334968102] /Users/shenyangchun/Documents/github/egg-example/app/schedule/order.js executing by app
2020-07-14 19:15:34,256 INFO 60531 [Job#1594725334256542593669334968102] /Users/shenyangchun/Documents/github/egg-example/app/schedule/order.js execute succeed, used 0ms
2020-07-14 19:16:34,258 INFO 60531 [Job#1594725394257542653673290536103] /Users/shenyangchun/Documents/github/egg-example/app/schedule/order.js executing by app
2020-07-14 19:16:34,258 INFO 60531 [Job#1594725394257542653673290536103] /Users/shenyangchun/Documents/github/egg-example/app/schedule/order.js execute succeed, used 0ms
2020-07-14 19:16:34,258 INFO 60313 [Timer] /Users/shenyangchun/Documents/github/egg-example/app/schedule/order.js next time will execute after 60000ms at 2020-07-14 19:17:34.257
2020-07-14 19:17:34,258 INFO 60313 [Timer] /Users/shenyangchun/Documents/github/egg-example/app/schedule/order.js next time will execute after 60000ms at 2020-07-14 19:18:34.258
2020-07-14 19:17:34,259 INFO 60531 [Job#1594725454258542713676202615104] /Users/shenyangchun/Documents/github/egg-example/app/schedule/order.js executing by app
2020-07-14 19:17:34,259 INFO 60531 [Job#1594725454258542713676202615104] /Users/shenyangchun/Documents/github/egg-example/app/schedule/order.js execute succeed, used 0ms
2020-07-15 19:58:00,236 INFO 78717 [Timer] /Users/shenyangchun/Documents/github/egg-example/node_modules/egg-multipart/app/schedule/clean_tmpdir.js next time will execute after 30719767ms at 2020-07-16 04:30:00.003
2020-07-15 19:58:00,237 INFO 78717 [Timer] /Users/shenyangchun/Documents/github/egg-example/node_modules/egg-logrotator/app/schedule/clean_log.js next time will execute after 14519763ms at 2020-07-16 00:00:00.000
2020-07-15 19:58:00,237 INFO 78717 [Timer] /Users/shenyangchun/Documents/github/egg-example/node_modules/egg-logrotator/app/schedule/rotate_by_file.js next time will execute after 14520763ms at 2020-07-16 00:00:01.000
2020-07-15 19:58:00,237 INFO 78717 [Timer] /Users/shenyangchun/Documents/github/egg-example/app/schedule/order.js next time will execute after 60000ms at 2020-07-15 19:59:00.237
2020-07-15 19:57:59,751 INFO 78722 [egg-schedule]: register schedule /Users/shenyangchun/Documents/github/egg-example/node_modules/egg-multipart/app/schedule/clean_tmpdir.js
2020-07-15 19:57:59,751 INFO 78722 [egg-schedule]: register schedule /Users/shenyangchun/Documents/github/egg-example/node_modules/egg-logrotator/app/schedule/clean_log.js
2020-07-15 19:57:59,751 INFO 78722 [egg-schedule]: register schedule /Users/shenyangchun/Documents/github/egg-example/node_modules/egg-logrotator/app/schedule/rotate_by_file.js
2020-07-15 19:57:59,751 INFO 78722 [egg-schedule]: register schedule /Users/shenyangchun/Documents/github/egg-example/app/schedule/order.js
2020-07-15 19:58:10,958 INFO 78751 [egg-schedule]: register schedule /Users/shenyangchun/Documents/github/egg-example/node_modules/egg-multipart/app/schedule/clean_tmpdir.js
2020-07-15 19:58:10,958 INFO 78751 [egg-schedule]: register schedule /Users/shenyangchun/Documents/github/egg-example/node_modules/egg-logrotator/app/schedule/clean_log.js
2020-07-15 19:58:10,959 INFO 78751 [egg-schedule]: register schedule /Users/shenyangchun/Documents/github/egg-example/node_modules/egg-logrotator/app/schedule/rotate_by_file.js
2020-07-15 19:58:10,959 INFO 78751 [egg-schedule]: register schedule /Users/shenyangchun/Documents/github/egg-example/app/schedule/order.js
2020-07-15 19:58:11,962 INFO 78752 [egg-schedule]: register schedule /Users/shenyangchun/Documents/github/egg-example/node_modules/egg-multipart/app/schedule/clean_tmpdir.js
2020-07-15 19:58:11,962 INFO 78752 [egg-schedule]: register schedule /Users/shenyangchun/Documents/github/egg-example/node_modules/egg-logrotator/app/schedule/clean_log.js
2020-07-15 19:58:11,962 INFO 78752 [egg-schedule]: register schedule /Users/shenyangchun/Documents/github/egg-example/node_modules/egg-logrotator/app/schedule/rotate_by_file.js
2020-07-15 19:58:11,962 INFO 78752 [egg-schedule]: register schedule /Users/shenyangchun/Documents/github/egg-example/app/schedule/order.js
2020-07-15 19:59:00,237 INFO 78717 [Timer] /Users/shenyangchun/Documents/github/egg-example/app/schedule/order.js next time will execute after 60000ms at 2020-07-15 20:00:00.237
2020-07-15 19:59:00,238 INFO 78752 [Job#1594814340237562425403783631] /Users/shenyangchun/Documents/github/egg-example/app/schedule/order.js executing by app
2020-07-15 19:59:00,239 INFO 78752 [Job#1594814340237562425403783631] /Users/shenyangchun/Documents/github/egg-example/app/schedule/order.js execute succeed, used 1ms
2020-07-15 20:00:00,237 INFO 78752 [Job#1594814400237562485424712522] /Users/shenyangchun/Documents/github/egg-example/app/schedule/order.js executing by app
2020-07-15 20:00:00,238 INFO 78752 [Job#1594814400237562485424712522] /Users/shenyangchun/Documents/github/egg-example/app/schedule/order.js execute succeed, used 1ms
2020-07-15 20:00:00,237 INFO 78717 [Timer] /Users/shenyangchun/Documents/github/egg-example/app/schedule/order.js next time will execute after 60000ms at 2020-07-15 20:01:00.237
2020-07-15 20:01:00,237 INFO 78752 [Job#1594814460237562545447402493] /Users/shenyangchun/Documents/github/egg-example/app/schedule/order.js executing by app
2020-07-15 20:01:00,238 INFO 78752 [Job#1594814460237562545447402493] /Users/shenyangchun/Documents/github/egg-example/app/schedule/order.js execute succeed, used 1ms
2020-07-15 20:01:00,237 INFO 78717 [Timer] /Users/shenyangchun/Documents/github/egg-example/app/schedule/order.js next time will execute after 60000ms at 2020-07-15 20:02:00.237
2020-07-15 20:02:00,239 INFO 78752 [Job#1594814520238562605485591644] /Users/shenyangchun/Documents/github/egg-example/app/schedule/order.js executing by app
2020-07-15 20:02:00,239 INFO 78752 [Job#1594814520238562605485591644] /Users/shenyangchun/Documents/github/egg-example/app/schedule/order.js execute succeed, used 0ms
2020-07-15 20:02:00,238 INFO 78717 [Timer] /Users/shenyangchun/Documents/github/egg-example/app/schedule/order.js next time will execute after 60000ms at 2020-07-15 20:03:00.238
2020-07-15 20:03:00,240 INFO 78717 [Timer] /Users/shenyangchun/Documents/github/egg-example/app/schedule/order.js next time will execute after 60000ms at 2020-07-15 20:04:00.240
2020-07-15 20:03:00,240 INFO 78752 [Job#1594814580240562665522636805] /Users/shenyangchun/Documents/github/egg-example/app/schedule/order.js executing by app
2020-07-15 20:03:00,241 INFO 78752 [Job#1594814580240562665522636805] /Users/shenyangchun/Documents/github/egg-example/app/schedule/order.js execute succeed, used 1ms
2020-07-15 20:04:00,239 INFO 78717 [Timer] /Users/shenyangchun/Documents/github/egg-example/app/schedule/order.js next time will execute after 60000ms at 2020-07-15 20:05:00.239
2020-07-15 20:04:00,239 INFO 78752 [Job#1594814640239562725534008596] /Users/shenyangchun/Documents/github/egg-example/app/schedule/order.js executing by app
2020-07-15 20:04:00,239 INFO 78752 [Job#1594814640239562725534008596] /Users/shenyangchun/Documents/github/egg-example/app/schedule/order.js execute succeed, used 0ms
2020-07-15 20:05:00,241 INFO 78752 [Job#1594814700240562785573038027] /Users/shenyangchun/Documents/github/egg-example/app/schedule/order.js executing by app
2020-07-15 20:05:00,241 INFO 78752 [Job#1594814700240562785573038027] /Users/shenyangchun/Documents/github/egg-example/app/schedule/order.js execute succeed, used 0ms
2020-07-15 20:05:00,240 INFO 78717 [Timer] /Users/shenyangchun/Documents/github/egg-example/app/schedule/order.js next time will execute after 60000ms at 2020-07-15 20:06:00.240
2020-07-15 20:06:00,244 INFO 78752 [Job#1594814760244562845617486108] /Users/shenyangchun/Documents/github/egg-example/app/schedule/order.js executing by app
2020-07-15 20:06:00,244 INFO 78752 [Job#1594814760244562845617486108] /Users/shenyangchun/Documents/github/egg-example/app/schedule/order.js execute succeed, used 0ms
2020-07-15 20:06:00,244 INFO 78717 [Timer] /Users/shenyangchun/Documents/github/egg-example/app/schedule/order.js next time will execute after 60000ms at 2020-07-15 20:07:00.244
2020-07-15 20:07:00,247 INFO 78752 [Job#1594814820246562905647734799] /Users/shenyangchun/Documents/github/egg-example/app/schedule/order.js executing by app
2020-07-15 20:07:00,247 INFO 78752 [Job#1594814820246562905647734799] /Users/shenyangchun/Documents/github/egg-example/app/schedule/order.js execute succeed, used 0ms
2020-07-15 20:07:00,246 INFO 78717 [Timer] /Users/shenyangchun/Documents/github/egg-example/app/schedule/order.js next time will execute after 60000ms at 2020-07-15 20:08:00.246
2020-07-15 20:08:00,247 INFO 78717 [Timer] /Users/shenyangchun/Documents/github/egg-example/app/schedule/order.js next time will execute after 60000ms at 2020-07-15 20:09:00.247
2020-07-15 20:08:00,247 INFO 78752 [Job#15948148802465629656708436710] /Users/shenyangchun/Documents/github/egg-example/app/schedule/order.js executing by app
2020-07-15 20:08:00,247 INFO 78752 [Job#15948148802465629656708436710] /Users/shenyangchun/Documents/github/egg-example/app/schedule/order.js execute succeed, used 0ms
2020-07-15 20:09:00,249 INFO 78717 [Timer] /Users/shenyangchun/Documents/github/egg-example/app/schedule/order.js next time will execute after 60000ms at 2020-07-15 20:10:00.249
2020-07-15 20:09:00,249 INFO 78752 [Job#15948149402495630257180922111] /Users/shenyangchun/Documents/github/egg-example/app/schedule/order.js executing by app
2020-07-15 20:09:00,250 INFO 78752 [Job#15948149402495630257180922111] /Users/shenyangchun/Documents/github/egg-example/app/schedule/order.js execute succeed, used 1ms
2020-07-15 20:10:00,252 INFO 78717 [Timer] /Users/shenyangchun/Documents/github/egg-example/app/schedule/order.js next time will execute after 60000ms at 2020-07-15 20:11:00.252
2020-07-15 20:10:00,252 INFO 78752 [Job#15948150002525630857700180212] /Users/shenyangchun/Documents/github/egg-example/app/schedule/order.js executing by app
2020-07-15 20:10:00,253 INFO 78752 [Job#15948150002525630857700180212] /Users/shenyangchun/Documents/github/egg-example/app/schedule/order.js execute succeed, used 1ms
2020-07-15 20:11:00,255 INFO 78752 [Job#15948150602555631458227797813] /Users/shenyangchun/Documents/github/egg-example/app/schedule/order.js executing by app
2020-07-15 20:11:00,255 INFO 78752 [Job#15948150602555631458227797813] /Users/shenyangchun/Documents/github/egg-example/app/schedule/order.js execute succeed, used 0ms
2020-07-15 20:11:00,255 INFO 78717 [Timer] /Users/shenyangchun/Documents/github/egg-example/app/schedule/order.js next time will execute after 60000ms at 2020-07-15 20:12:00.255
2020-07-15 20:12:00,257 INFO 78752 [Job#15948151202575632058656142914] /Users/shenyangchun/Documents/github/egg-example/app/schedule/order.js executing by app
2020-07-15 20:12:00,258 INFO 78752 [Job#15948151202575632058656142914] /Users/shenyangchun/Documents/github/egg-example/app/schedule/order.js execute succeed, used 1ms
2020-07-15 20:12:00,257 INFO 78717 [Timer] /Users/shenyangchun/Documents/github/egg-example/app/schedule/order.js next time will execute after 60000ms at 2020-07-15 20:13:00.257
2020-07-15 20:13:00,255 INFO 78717 [Timer] /Users/shenyangchun/Documents/github/egg-example/app/schedule/order.js next time will execute after 60000ms at 2020-07-15 20:14:00.255
2020-07-15 20:13:00,256 INFO 78752 [Job#15948151802555632658698036515] /Users/shenyangchun/Documents/github/egg-example/app/schedule/order.js executing by app
2020-07-15 20:13:00,256 INFO 78752 [Job#15948151802555632658698036515] /Users/shenyangchun/Documents/github/egg-example/app/schedule/order.js execute succeed, used 0ms
2020-07-15 20:14:00,257 INFO 78717 [Timer] /Users/shenyangchun/Documents/github/egg-example/app/schedule/order.js next time will execute after 60000ms at 2020-07-15 20:15:00.257
2020-07-15 20:14:00,257 INFO 78752 [Job#15948152402565633259059166916] /Users/shenyangchun/Documents/github/egg-example/app/schedule/order.js executing by app
2020-07-15 20:14:00,257 INFO 78752 [Job#15948152402565633259059166916] /Users/shenyangchun/Documents/github/egg-example/app/schedule/order.js execute succeed, used 0ms
2020-07-15 20:15:00,257 INFO 78717 [Timer] /Users/shenyangchun/Documents/github/egg-example/app/schedule/order.js next time will execute after 60000ms at 2020-07-15 20:16:00.257
2020-07-15 20:15:00,257 INFO 78752 [Job#15948153002565633859270317717] /Users/shenyangchun/Documents/github/egg-example/app/schedule/order.js executing by app
2020-07-15 20:15:00,257 INFO 78752 [Job#15948153002565633859270317717] /Users/shenyangchun/Documents/github/egg-example/app/schedule/order.js execute succeed, used 0ms
2020-07-15 20:16:00,259 INFO 78752 [Job#15948153602585634459700271518] /Users/shenyangchun/Documents/github/egg-example/app/schedule/order.js executing by app
2020-07-15 20:16:00,259 INFO 78752 [Job#15948153602585634459700271518] /Users/shenyangchun/Documents/github/egg-example/app/schedule/order.js execute succeed, used 0ms
2020-07-15 20:16:00,259 INFO 78717 [Timer] /Users/shenyangchun/Documents/github/egg-example/app/schedule/order.js next time will execute after 60000ms at 2020-07-15 20:17:00.259
2020-07-15 20:17:00,261 INFO 78752 [Job#159481542026056350510124081419] /Users/shenyangchun/Documents/github/egg-example/app/schedule/order.js executing by app
2020-07-15 20:17:00,261 INFO 78752 [Job#159481542026056350510124081419] /Users/shenyangchun/Documents/github/egg-example/app/schedule/order.js execute succeed, used 0ms
2020-07-15 20:17:00,261 INFO 78717 [Timer] /Users/shenyangchun/Documents/github/egg-example/app/schedule/order.js next time will execute after 60000ms at 2020-07-15 20:18:00.261
2020-07-15 20:18:00,264 INFO 78717 [Timer] /Users/shenyangchun/Documents/github/egg-example/app/schedule/order.js next time will execute after 60000ms at 2020-07-15 20:19:00.264
2020-07-15 20:18:00,265 INFO 78752 [Job#159481548026356356510632663420] /Users/shenyangchun/Documents/github/egg-example/app/schedule/order.js executing by app
2020-07-15 20:18:00,265 INFO 78752 [Job#159481548026356356510632663420] /Users/shenyangchun/Documents/github/egg-example/app/schedule/order.js execute succeed, used 0ms
2020-07-15 20:19:00,266 INFO 78717 [Timer] /Users/shenyangchun/Documents/github/egg-example/app/schedule/order.js next time will execute after 60000ms at 2020-07-15 20:20:00.266
2020-07-15 20:19:00,266 INFO 78752 [Job#159481554026656362511080659021] /Users/shenyangchun/Documents/github/egg-example/app/schedule/order.js executing by app
2020-07-15 20:19:00,267 INFO 78752 [Job#159481554026656362511080659021] /Users/shenyangchun/Documents/github/egg-example/app/schedule/order.js execute succeed, used 0ms
2020-07-15 20:22:38,851 INFO 79520 [Timer] /Users/shenyangchun/Documents/github/egg-example/node_modules/egg-multipart/app/schedule/clean_tmpdir.js next time will execute after 29241152ms at 2020-07-16 04:30:00.003
2020-07-15 20:22:38,851 INFO 79520 [Timer] /Users/shenyangchun/Documents/github/egg-example/node_modules/egg-logrotator/app/schedule/clean_log.js next time will execute after 13041149ms at 2020-07-16 00:00:00.000
2020-07-15 20:22:38,852 INFO 79520 [Timer] /Users/shenyangchun/Documents/github/egg-example/node_modules/egg-logrotator/app/schedule/rotate_by_file.js next time will execute after 13042149ms at 2020-07-16 00:00:01.001
2020-07-15 20:22:38,852 INFO 79520 [Timer] /Users/shenyangchun/Documents/github/egg-example/app/schedule/order.js next time will execute after 60000ms at 2020-07-15 20:23:38.852
2020-07-15 20:22:38,415 INFO 79524 [egg-schedule]: register schedule /Users/shenyangchun/Documents/github/egg-example/node_modules/egg-multipart/app/schedule/clean_tmpdir.js
2020-07-15 20:22:38,415 INFO 79524 [egg-schedule]: register schedule /Users/shenyangchun/Documents/github/egg-example/node_modules/egg-logrotator/app/schedule/clean_log.js
2020-07-15 20:22:38,415 INFO 79524 [egg-schedule]: register schedule /Users/shenyangchun/Documents/github/egg-example/node_modules/egg-logrotator/app/schedule/rotate_by_file.js
2020-07-15 20:22:38,415 INFO 79524 [egg-schedule]: register schedule /Users/shenyangchun/Documents/github/egg-example/app/schedule/order.js
2020-07-15 20:23:38,851 INFO 79520 [Timer] /Users/shenyangchun/Documents/github/egg-example/app/schedule/order.js next time will execute after 60000ms at 2020-07-15 20:24:38.851
2020-07-15 20:23:38,852 INFO 79524 [Job#15948158188515639037069184581] /Users/shenyangchun/Documents/github/egg-example/app/schedule/order.js executing by app
2020-07-15 20:23:38,854 INFO 79524 [Job#15948158188515639037069184581] /Users/shenyangchun/Documents/github/egg-example/app/schedule/order.js execute succeed, used 1ms
2020-07-15 20:23:43,660 INFO 79564 [egg-schedule]: register schedule /Users/shenyangchun/Documents/github/egg-example/node_modules/egg-multipart/app/schedule/clean_tmpdir.js
2020-07-15 20:23:43,660 INFO 79564 [egg-schedule]: register schedule /Users/shenyangchun/Documents/github/egg-example/node_modules/egg-logrotator/app/schedule/clean_log.js
2020-07-15 20:23:43,660 INFO 79564 [egg-schedule]: register schedule /Users/shenyangchun/Documents/github/egg-example/node_modules/egg-logrotator/app/schedule/rotate_by_file.js
2020-07-15 20:23:43,660 INFO 79564 [egg-schedule]: register schedule /Users/shenyangchun/Documents/github/egg-example/app/schedule/order.js
2020-07-15 20:23:44,919 INFO 79565 [egg-schedule]: register schedule /Users/shenyangchun/Documents/github/egg-example/node_modules/egg-multipart/app/schedule/clean_tmpdir.js
2020-07-15 20:23:44,919 INFO 79565 [egg-schedule]: register schedule /Users/shenyangchun/Documents/github/egg-example/node_modules/egg-logrotator/app/schedule/clean_log.js
2020-07-15 20:23:44,919 INFO 79565 [egg-schedule]: register schedule /Users/shenyangchun/Documents/github/egg-example/node_modules/egg-logrotator/app/schedule/rotate_by_file.js
2020-07-15 20:23:44,919 INFO 79565 [egg-schedule]: register schedule /Users/shenyangchun/Documents/github/egg-example/app/schedule/order.js
2020-07-15 20:24:38,855 INFO 79565 [Job#15948158788535639637117954012] /Users/shenyangchun/Documents/github/egg-example/app/schedule/order.js executing by app
2020-07-15 20:24:38,857 INFO 79565 [Job#15948158788535639637117954012] /Users/shenyangchun/Documents/github/egg-example/app/schedule/order.js execute succeed, used 1ms
2020-07-15 20:24:38,854 INFO 79520 [Timer] /Users/shenyangchun/Documents/github/egg-example/app/schedule/order.js next time will execute after 60000ms at 2020-07-15 20:25:38.854
2020-07-15 20:25:38,854 INFO 79520 [Timer] /Users/shenyangchun/Documents/github/egg-example/app/schedule/order.js next time will execute after 60000ms at 2020-07-15 20:26:38.854
2020-07-15 20:25:38,854 INFO 79565 [Job#15948159388545640237144758703] /Users/shenyangchun/Documents/github/egg-example/app/schedule/order.js executing by app
2020-07-15 20:25:38,855 INFO 79565 [Job#15948159388545640237144758703] /Users/shenyangchun/Documents/github/egg-example/app/schedule/order.js execute succeed, used 0ms
2020-07-15 20:26:38,855 INFO 79520 [Timer] /Users/shenyangchun/Documents/github/egg-example/app/schedule/order.js next time will execute after 60000ms at 2020-07-15 20:27:38.855
2020-07-15 20:26:38,855 INFO 79565 [Job#15948159988555640837173447024] /Users/shenyangchun/Documents/github/egg-example/app/schedule/order.js executing by app
2020-07-15 20:26:38,856 INFO 79565 [Job#15948159988555640837173447024] /Users/shenyangchun/Documents/github/egg-example/app/schedule/order.js execute succeed, used 0ms
2020-07-15 20:27:38,857 INFO 79520 [Timer] /Users/shenyangchun/Documents/github/egg-example/app/schedule/order.js next time will execute after 60000ms at 2020-07-15 20:28:38.857
2020-07-15 20:27:38,858 INFO 79565 [Job#15948160588575641437220966105] /Users/shenyangchun/Documents/github/egg-example/app/schedule/order.js executing by app
2020-07-15 20:27:38,858 INFO 79565 [Job#15948160588575641437220966105] /Users/shenyangchun/Documents/github/egg-example/app/schedule/order.js execute succeed, used 0ms
2020-07-15 20:28:38,860 INFO 79565 [Job#15948161188595642037265766576] /Users/shenyangchun/Documents/github/egg-example/app/schedule/order.js executing by app
2020-07-15 20:28:38,860 INFO 79565 [Job#15948161188595642037265766576] /Users/shenyangchun/Documents/github/egg-example/app/schedule/order.js execute succeed, used 0ms
2020-07-15 20:28:38,859 INFO 79520 [Timer] /Users/shenyangchun/Documents/github/egg-example/app/schedule/order.js next time will execute after 60000ms at 2020-07-15 20:29:38.859
2020-07-15 20:29:38,862 INFO 79565 [Job#15948161788615642637306595487] /Users/shenyangchun/Documents/github/egg-example/app/schedule/order.js executing by app
2020-07-15 20:29:38,862 INFO 79565 [Job#15948161788615642637306595487] /Users/shenyangchun/Documents/github/egg-example/app/schedule/order.js execute succeed, used 0ms
2020-07-15 20:29:38,861 INFO 79520 [Timer] /Users/shenyangchun/Documents/github/egg-example/app/schedule/order.js next time will execute after 60000ms at 2020-07-15 20:30:38.861
2020-07-15 20:30:38,864 INFO 79520 [Timer] /Users/shenyangchun/Documents/github/egg-example/app/schedule/order.js next time will execute after 60000ms at 2020-07-15 20:31:38.864
2020-07-15 20:30:38,864 INFO 79565 [Job#15948162388645643237352363728] /Users/shenyangchun/Documents/github/egg-example/app/schedule/order.js executing by app
2020-07-15 20:30:38,864 INFO 79565 [Job#15948162388645643237352363728] /Users/shenyangchun/Documents/github/egg-example/app/schedule/order.js execute succeed, used 0ms
2020-07-15 20:31:38,865 INFO 79520 [Timer] /Users/shenyangchun/Documents/github/egg-example/app/schedule/order.js next time will execute after 60000ms at 2020-07-15 20:32:38.865
2020-07-15 20:31:38,865 INFO 79565 [Job#15948162988655643837386820539] /Users/shenyangchun/Documents/github/egg-example/app/schedule/order.js executing by app
2020-07-15 20:31:38,866 INFO 79565 [Job#15948162988655643837386820539] /Users/shenyangchun/Documents/github/egg-example/app/schedule/order.js execute succeed, used 1ms
2020-07-15 20:32:38,866 INFO 79520 [Timer] /Users/shenyangchun/Documents/github/egg-example/app/schedule/order.js next time will execute after 60000ms at 2020-07-15 20:33:38.866
2020-07-15 20:32:38,866 INFO 79565 [Job#159481635886656444374180941810] /Users/shenyangchun/Documents/github/egg-example/app/schedule/order.js executing by app
2020-07-15 20:32:38,866 INFO 79565 [Job#159481635886656444374180941810] /Users/shenyangchun/Documents/github/egg-example/app/schedule/order.js execute succeed, used 0ms
2020-07-15 20:33:38,869 INFO 79565 [Job#159481641886856450374660365111] /Users/shenyangchun/Documents/github/egg-example/app/schedule/order.js executing by app
2020-07-15 20:33:38,869 INFO 79565 [Job#159481641886856450374660365111] /Users/shenyangchun/Documents/github/egg-example/app/schedule/order.js execute succeed, used 0ms
2020-07-15 20:33:38,868 INFO 79520 [Timer] /Users/shenyangchun/Documents/github/egg-example/app/schedule/order.js next time will execute after 60000ms at 2020-07-15 20:34:38.868
2020-07-15 20:34:38,872 INFO 79565 [Job#159481647887156456375187510012] /Users/shenyangchun/Documents/github/egg-example/app/schedule/order.js executing by app
2020-07-15 20:34:38,872 INFO 79565 [Job#159481647887156456375187510012] /Users/shenyangchun/Documents/github/egg-example/app/schedule/order.js execute succeed, used 0ms
2020-07-15 20:34:38,871 INFO 79520 [Timer] /Users/shenyangchun/Documents/github/egg-example/app/schedule/order.js next time will execute after 60000ms at 2020-07-15 20:35:38.871
2020-07-15 20:35:38,874 INFO 79520 [Timer] /Users/shenyangchun/Documents/github/egg-example/app/schedule/order.js next time will execute after 60000ms at 2020-07-15 20:36:38.874
2020-07-15 20:35:38,874 INFO 79565 [Job#159481653887356462375622839813] /Users/shenyangchun/Documents/github/egg-example/app/schedule/order.js executing by app
2020-07-15 20:35:38,874 INFO 79565 [Job#159481653887356462375622839813] /Users/shenyangchun/Documents/github/egg-example/app/schedule/order.js execute succeed, used 0ms
2020-07-15 20:36:38,875 INFO 79520 [Timer] /Users/shenyangchun/Documents/github/egg-example/app/schedule/order.js next time will execute after 60000ms at 2020-07-15 20:37:38.875
2020-07-15 20:36:38,875 INFO 79565 [Job#159481659887556468375968555214] /Users/shenyangchun/Documents/github/egg-example/app/schedule/order.js executing by app
2020-07-15 20:36:38,875 INFO 79565 [Job#159481659887556468375968555214] /Users/shenyangchun/Documents/github/egg-example/app/schedule/order.js execute succeed, used 0ms
2020-07-15 20:37:38,875 INFO 79565 [Job#159481665887556474376205803715] /Users/shenyangchun/Documents/github/egg-example/app/schedule/order.js executing by app
2020-07-15 20:37:38,875 INFO 79565 [Job#159481665887556474376205803715] /Users/shenyangchun/Documents/github/egg-example/app/schedule/order.js execute succeed, used 0ms
2020-07-15 20:37:38,875 INFO 79520 [Timer] /Users/shenyangchun/Documents/github/egg-example/app/schedule/order.js next time will execute after 60000ms at 2020-07-15 20:38:38.875
2020-07-15 20:38:22,519 INFO 79862 [egg-schedule]: register schedule /Users/shenyangchun/Documents/github/egg-example/node_modules/egg-multipart/app/schedule/clean_tmpdir.js
2020-07-15 20:38:22,519 INFO 79862 [egg-schedule]: register schedule /Users/shenyangchun/Documents/github/egg-example/node_modules/egg-logrotator/app/schedule/clean_log.js
2020-07-15 20:38:22,519 INFO 79862 [egg-schedule]: register schedule /Users/shenyangchun/Documents/github/egg-example/node_modules/egg-logrotator/app/schedule/rotate_by_file.js
2020-07-15 20:38:22,519 INFO 79862 [egg-schedule]: register schedule /Users/shenyangchun/Documents/github/egg-example/app/schedule/order.js
2020-07-15 20:38:23,738 INFO 79867 [egg-schedule]: register schedule /Users/shenyangchun/Documents/github/egg-example/node_modules/egg-multipart/app/schedule/clean_tmpdir.js
2020-07-15 20:38:23,738 INFO 79867 [egg-schedule]: register schedule /Users/shenyangchun/Documents/github/egg-example/node_modules/egg-logrotator/app/schedule/clean_log.js
2020-07-15 20:38:23,738 INFO 79867 [egg-schedule]: register schedule /Users/shenyangchun/Documents/github/egg-example/node_modules/egg-logrotator/app/schedule/rotate_by_file.js
2020-07-15 20:38:23,738 INFO 79867 [egg-schedule]: register schedule /Users/shenyangchun/Documents/github/egg-example/app/schedule/order.js
2020-07-15 20:38:34,969 INFO 79909 [egg-schedule]: register schedule /Users/shenyangchun/Documents/github/egg-example/node_modules/egg-multipart/app/schedule/clean_tmpdir.js
2020-07-15 20:38:34,969 INFO 79909 [egg-schedule]: register schedule /Users/shenyangchun/Documents/github/egg-example/node_modules/egg-logrotator/app/schedule/clean_log.js
2020-07-15 20:38:34,969 INFO 79909 [egg-schedule]: register schedule /Users/shenyangchun/Documents/github/egg-example/node_modules/egg-logrotator/app/schedule/rotate_by_file.js
2020-07-15 20:38:34,969 INFO 79909 [egg-schedule]: register schedule /Users/shenyangchun/Documents/github/egg-example/app/schedule/order.js
2020-07-15 20:38:35,390 INFO 79905 [Timer] /Users/shenyangchun/Documents/github/egg-example/node_modules/egg-multipart/app/schedule/clean_tmpdir.js next time will execute after 28284613ms at 2020-07-16 04:30:00.003
2020-07-15 20:38:35,390 INFO 79905 [Timer] /Users/shenyangchun/Documents/github/egg-example/node_modules/egg-logrotator/app/schedule/clean_log.js next time will execute after 12084610ms at 2020-07-16 00:00:00.000
2020-07-15 20:38:35,391 INFO 79905 [Timer] /Users/shenyangchun/Documents/github/egg-example/node_modules/egg-logrotator/app/schedule/rotate_by_file.js next time will execute after 12085610ms at 2020-07-16 00:00:01.001
2020-07-15 20:38:35,391 INFO 79905 [Timer] /Users/shenyangchun/Documents/github/egg-example/app/schedule/order.js next time will execute after 60000ms at 2020-07-15 20:39:35.391
2020-07-15 20:39:20,995 INFO 79953 [egg-schedule]: register schedule /Users/shenyangchun/Documents/github/egg-example/node_modules/egg-multipart/app/schedule/clean_tmpdir.js
2020-07-15 20:39:20,995 INFO 79953 [egg-schedule]: register schedule /Users/shenyangchun/Documents/github/egg-example/node_modules/egg-logrotator/app/schedule/clean_log.js
2020-07-15 20:39:20,995 INFO 79953 [egg-schedule]: register schedule /Users/shenyangchun/Documents/github/egg-example/node_modules/egg-logrotator/app/schedule/rotate_by_file.js
2020-07-15 20:39:20,995 INFO 79953 [egg-schedule]: register schedule /Users/shenyangchun/Documents/github/egg-example/app/schedule/order.js
2020-07-15 20:39:21,416 INFO 79948 [Timer] /Users/shenyangchun/Documents/github/egg-example/node_modules/egg-multipart/app/schedule/clean_tmpdir.js next time will execute after 28238588ms at 2020-07-16 04:30:00.004
2020-07-15 20:39:21,416 INFO 79948 [Timer] /Users/shenyangchun/Documents/github/egg-example/node_modules/egg-logrotator/app/schedule/clean_log.js next time will execute after 12038584ms at 2020-07-16 00:00:00.000
2020-07-15 20:39:21,416 INFO 79948 [Timer] /Users/shenyangchun/Documents/github/egg-example/node_modules/egg-logrotator/app/schedule/rotate_by_file.js next time will execute after 12039584ms at 2020-07-16 00:00:01.000
2020-07-15 20:39:21,416 INFO 79948 [Timer] /Users/shenyangchun/Documents/github/egg-example/app/schedule/order.js next time will execute after 60000ms at 2020-07-15 20:40:21.416
2020-07-15 20:40:15,877 INFO 79985 [egg-schedule]: register schedule /Users/shenyangchun/Documents/github/egg-example/node_modules/egg-multipart/app/schedule/clean_tmpdir.js
2020-07-15 20:40:15,877 INFO 79985 [egg-schedule]: register schedule /Users/shenyangchun/Documents/github/egg-example/node_modules/egg-logrotator/app/schedule/clean_log.js
2020-07-15 20:40:15,877 INFO 79985 [egg-schedule]: register schedule /Users/shenyangchun/Documents/github/egg-example/node_modules/egg-logrotator/app/schedule/rotate_by_file.js
2020-07-15 20:40:15,877 INFO 79985 [egg-schedule]: register schedule /Users/shenyangchun/Documents/github/egg-example/app/schedule/order.js
2020-07-15 20:40:17,081 INFO 79986 [egg-schedule]: register schedule /Users/shenyangchun/Documents/github/egg-example/node_modules/egg-multipart/app/schedule/clean_tmpdir.js
2020-07-15 20:40:17,081 INFO 79986 [egg-schedule]: register schedule /Users/shenyangchun/Documents/github/egg-example/node_modules/egg-logrotator/app/schedule/clean_log.js
2020-07-15 20:40:17,081 INFO 79986 [egg-schedule]: register schedule /Users/shenyangchun/Documents/github/egg-example/node_modules/egg-logrotator/app/schedule/rotate_by_file.js
2020-07-15 20:40:17,081 INFO 79986 [egg-schedule]: register schedule /Users/shenyangchun/Documents/github/egg-example/app/schedule/order.js
2020-07-15 20:40:21,419 INFO 79986 [Job#15948168214185649063110057161] /Users/shenyangchun/Documents/github/egg-example/app/schedule/order.js executing by app
2020-07-15 20:40:21,420 INFO 79986 [Job#15948168214185649063110057161] /Users/shenyangchun/Documents/github/egg-example/app/schedule/order.js execute succeed, used 0ms
2020-07-15 20:40:21,418 INFO 79948 [Timer] /Users/shenyangchun/Documents/github/egg-example/app/schedule/order.js next time will execute after 60000ms at 2020-07-15 20:41:21.418
2020-07-15 20:41:21,420 INFO 79948 [Timer] /Users/shenyangchun/Documents/github/egg-example/app/schedule/order.js next time will execute after 60000ms at 2020-07-15 20:42:21.420
2020-07-15 20:41:21,420 INFO 79986 [Job#15948168814205649663152351682] /Users/shenyangchun/Documents/github/egg-example/app/schedule/order.js executing by app
2020-07-15 20:41:21,421 INFO 79986 [Job#15948168814205649663152351682] /Users/shenyangchun/Documents/github/egg-example/app/schedule/order.js execute succeed, used 0ms
2020-07-15 20:41:51,173 INFO 80031 [egg-schedule]: register schedule /Users/shenyangchun/Documents/github/egg-example/node_modules/egg-multipart/app/schedule/clean_tmpdir.js
2020-07-15 20:41:51,173 INFO 80031 [egg-schedule]: register schedule /Users/shenyangchun/Documents/github/egg-example/node_modules/egg-logrotator/app/schedule/clean_log.js
2020-07-15 20:41:51,173 INFO 80031 [egg-schedule]: register schedule /Users/shenyangchun/Documents/github/egg-example/node_modules/egg-logrotator/app/schedule/rotate_by_file.js
2020-07-15 20:41:51,173 INFO 80031 [egg-schedule]: register schedule /Users/shenyangchun/Documents/github/egg-example/app/schedule/order.js
2020-07-15 20:41:52,382 INFO 80032 [egg-schedule]: register schedule /Users/shenyangchun/Documents/github/egg-example/node_modules/egg-multipart/app/schedule/clean_tmpdir.js
2020-07-15 20:41:52,382 INFO 80032 [egg-schedule]: register schedule /Users/shenyangchun/Documents/github/egg-example/node_modules/egg-logrotator/app/schedule/clean_log.js
2020-07-15 20:41:52,382 INFO 80032 [egg-schedule]: register schedule /Users/shenyangchun/Documents/github/egg-example/node_modules/egg-logrotator/app/schedule/rotate_by_file.js
2020-07-15 20:41:52,382 INFO 80032 [egg-schedule]: register schedule /Users/shenyangchun/Documents/github/egg-example/app/schedule/order.js
2020-07-15 20:42:02,597 INFO 80059 [Timer] /Users/shenyangchun/Documents/github/egg-example/node_modules/egg-multipart/app/schedule/clean_tmpdir.js next time will execute after 28077408ms at 2020-07-16 04:30:00.005
2020-07-15 20:42:02,597 INFO 80059 [Timer] /Users/shenyangchun/Documents/github/egg-example/node_modules/egg-logrotator/app/schedule/clean_log.js next time will execute after 11877403ms at 2020-07-16 00:00:00.000
2020-07-15 20:42:02,598 INFO 80059 [Timer] /Users/shenyangchun/Documents/github/egg-example/node_modules/egg-logrotator/app/schedule/rotate_by_file.js next time will execute after 11878402ms at 2020-07-16 00:00:01.000
2020-07-15 20:42:02,598 INFO 80059 [Timer] /Users/shenyangchun/Documents/github/egg-example/app/schedule/order.js next time will execute after 60000ms at 2020-07-15 20:43:02.598
2020-07-15 20:42:02,081 INFO 80063 [egg-schedule]: register schedule /Users/shenyangchun/Documents/github/egg-example/node_modules/egg-multipart/app/schedule/clean_tmpdir.js
2020-07-15 20:42:02,081 INFO 80063 [egg-schedule]: register schedule /Users/shenyangchun/Documents/github/egg-example/node_modules/egg-logrotator/app/schedule/clean_log.js
2020-07-15 20:42:02,081 INFO 80063 [egg-schedule]: register schedule /Users/shenyangchun/Documents/github/egg-example/node_modules/egg-logrotator/app/schedule/rotate_by_file.js
2020-07-15 20:42:02,081 INFO 80063 [egg-schedule]: register schedule /Users/shenyangchun/Documents/github/egg-example/app/schedule/order.js
2020-07-15 20:43:02,602 INFO 80059 [Timer] /Users/shenyangchun/Documents/github/egg-example/app/schedule/order.js next time will execute after 60000ms at 2020-07-15 20:44:02.602
2020-07-15 20:43:02,603 INFO 80063 [Job#15948169826015650675006858501] /Users/shenyangchun/Documents/github/egg-example/app/schedule/order.js executing by app
2020-07-15 20:43:02,604 INFO 80063 [Job#15948169826015650675006858501] /Users/shenyangchun/Documents/github/egg-example/app/schedule/order.js execute succeed, used 1ms
2020-07-15 20:44:02,602 INFO 80059 [Timer] /Users/shenyangchun/Documents/github/egg-example/app/schedule/order.js next time will execute after 60000ms at 2020-07-15 20:45:02.602
2020-07-15 20:44:02,603 INFO 80063 [Job#15948170426025651275044254772] /Users/shenyangchun/Documents/github/egg-example/app/schedule/order.js executing by app
2020-07-15 20:44:02,603 INFO 80063 [Job#15948170426025651275044254772] /Users/shenyangchun/Documents/github/egg-example/app/schedule/order.js execute succeed, used 0ms
2020-07-15 20:45:02,602 INFO 80063 [Job#15948171026025651875065411413] /Users/shenyangchun/Documents/github/egg-example/app/schedule/order.js executing by app
2020-07-15 20:45:02,603 INFO 80063 [Job#15948171026025651875065411413] /Users/shenyangchun/Documents/github/egg-example/app/schedule/order.js execute succeed, used 1ms
2020-07-15 20:45:02,602 INFO 80059 [Timer] /Users/shenyangchun/Documents/github/egg-example/app/schedule/order.js next time will execute after 60000ms at 2020-07-15 20:46:02.602
2020-07-15 20:46:02,610 INFO 80059 [Timer] /Users/shenyangchun/Documents/github/egg-example/app/schedule/order.js next time will execute after 60000ms at 2020-07-15 20:47:02.610
2020-07-15 20:46:02,610 INFO 80063 [Job#15948171626095652475164311964] /Users/shenyangchun/Documents/github/egg-example/app/schedule/order.js executing by app
2020-07-15 20:46:02,610 INFO 80063 [Job#15948171626095652475164311964] /Users/shenyangchun/Documents/github/egg-example/app/schedule/order.js execute succeed, used 0ms
2020-07-15 20:47:02,616 INFO 80059 [Timer] /Users/shenyangchun/Documents/github/egg-example/app/schedule/order.js next time will execute after 60000ms at 2020-07-15 20:48:02.616
2020-07-15 20:47:02,617 INFO 80063 [Job#15948172226165653075254506295] /Users/shenyangchun/Documents/github/egg-example/app/schedule/order.js executing by app
2020-07-15 20:47:02,617 INFO 80063 [Job#15948172226165653075254506295] /Users/shenyangchun/Documents/github/egg-example/app/schedule/order.js execute succeed, used 0ms
2020-07-15 20:48:02,623 INFO 80059 [Timer] /Users/shenyangchun/Documents/github/egg-example/app/schedule/order.js next time will execute after 60000ms at 2020-07-15 20:49:02.623
2020-07-15 20:48:02,623 INFO 80063 [Job#15948172826225653675340244736] /Users/shenyangchun/Documents/github/egg-example/app/schedule/order.js executing by app
2020-07-15 20:48:02,623 INFO 80063 [Job#15948172826225653675340244736] /Users/shenyangchun/Documents/github/egg-example/app/schedule/order.js execute succeed, used 0ms
2020-07-15 20:50:00,221 INFO 80063 [Job#15948174002205654275397121817] /Users/shenyangchun/Documents/github/egg-example/app/schedule/order.js executing by app
2020-07-15 20:50:00,221 INFO 80063 [Job#15948174002205654275397121817] /Users/shenyangchun/Documents/github/egg-example/app/schedule/order.js execute succeed, used 0ms
2020-07-15 20:50:00,220 INFO 80059 [Timer] /Users/shenyangchun/Documents/github/egg-example/app/schedule/order.js next time will execute after 60000ms at 2020-07-15 20:51:00.220
2020-07-15 21:00:37,075 INFO 80298 [Timer] /Users/shenyangchun/Documents/github/egg-example/node_modules/egg-multipart/app/schedule/clean_tmpdir.js next time will execute after 26962927ms at 2020-07-16 04:30:00.002
2020-07-15 21:00:37,076 INFO 80298 [Timer] /Users/shenyangchun/Documents/github/egg-example/node_modules/egg-logrotator/app/schedule/clean_log.js next time will execute after 10762924ms at 2020-07-16 00:00:00.000
2020-07-15 21:00:37,076 INFO 80298 [Timer] /Users/shenyangchun/Documents/github/egg-example/node_modules/egg-logrotator/app/schedule/rotate_by_file.js next time will execute after 10763924ms at 2020-07-16 00:00:01.000
2020-07-15 21:00:37,077 INFO 80298 [Timer] /Users/shenyangchun/Documents/github/egg-example/app/schedule/order.js next time will execute after 60000ms at 2020-07-15 21:01:37.077
2020-07-15 21:00:36,603 INFO 80302 [egg-schedule]: register schedule /Users/shenyangchun/Documents/github/egg-example/node_modules/egg-multipart/app/schedule/clean_tmpdir.js
2020-07-15 21:00:36,603 INFO 80302 [egg-schedule]: register schedule /Users/shenyangchun/Documents/github/egg-example/node_modules/egg-logrotator/app/schedule/clean_log.js
2020-07-15 21:00:36,603 INFO 80302 [egg-schedule]: register schedule /Users/shenyangchun/Documents/github/egg-example/node_modules/egg-logrotator/app/schedule/rotate_by_file.js
2020-07-15 21:00:36,603 INFO 80302 [egg-schedule]: register schedule /Users/shenyangchun/Documents/github/egg-example/app/schedule/order.js
2020-07-15 21:01:37,076 INFO 80298 [Timer] /Users/shenyangchun/Documents/github/egg-example/app/schedule/order.js next time will execute after 60000ms at 2020-07-15 21:02:37.076
2020-07-15 21:01:37,077 INFO 80302 [Job#15948180970765655537109699611] /Users/shenyangchun/Documents/github/egg-example/app/schedule/order.js executing by app
2020-07-15 21:01:37,080 INFO 80302 [Job#15948180970765655537109699611] /Users/shenyangchun/Documents/github/egg-example/app/schedule/order.js execute succeed, used 2ms
2020-07-15 21:02:37,077 INFO 80298 [Timer] /Users/shenyangchun/Documents/github/egg-example/app/schedule/order.js next time will execute after 60000ms at 2020-07-15 21:03:37.077
2020-07-15 21:02:37,078 INFO 80302 [Job#15948181570775656137146261412] /Users/shenyangchun/Documents/github/egg-example/app/schedule/order.js executing by app
2020-07-15 21:02:37,078 INFO 80302 [Job#15948181570775656137146261412] /Users/shenyangchun/Documents/github/egg-example/app/schedule/order.js execute succeed, used 0ms
2020-07-15 21:03:37,076 INFO 80298 [Timer] /Users/shenyangchun/Documents/github/egg-example/app/schedule/order.js next time will execute after 60000ms at 2020-07-15 21:04:37.076
2020-07-15 21:03:37,077 INFO 80302 [Job#15948182170765656737155748723] /Users/shenyangchun/Documents/github/egg-example/app/schedule/order.js executing by app
2020-07-15 21:03:37,078 INFO 80302 [Job#15948182170765656737155748723] /Users/shenyangchun/Documents/github/egg-example/app/schedule/order.js execute succeed, used 1ms
2020-07-15 21:04:37,080 INFO 80298 [Timer] /Users/shenyangchun/Documents/github/egg-example/app/schedule/order.js next time will execute after 60000ms at 2020-07-15 21:05:37.080
2020-07-15 21:04:37,080 INFO 80302 [Job#15948182770795657337211917384] /Users/shenyangchun/Documents/github/egg-example/app/schedule/order.js executing by app
2020-07-15 21:04:37,080 INFO 80302 [Job#15948182770795657337211917384] /Users/shenyangchun/Documents/github/egg-example/app/schedule/order.js execute succeed, used 0ms
2020-07-15 21:05:37,082 INFO 80298 [Timer] /Users/shenyangchun/Documents/github/egg-example/app/schedule/order.js next time will execute after 60000ms at 2020-07-15 21:06:37.082
2020-07-15 21:05:37,082 INFO 80302 [Job#15948183370825657937258111885] /Users/shenyangchun/Documents/github/egg-example/app/schedule/order.js executing by app
2020-07-15 21:05:37,083 INFO 80302 [Job#15948183370825657937258111885] /Users/shenyangchun/Documents/github/egg-example/app/schedule/order.js execute succeed, used 1ms
2020-07-15 21:06:37,084 INFO 80298 [Timer] /Users/shenyangchun/Documents/github/egg-example/app/schedule/order.js next time will execute after 60000ms at 2020-07-15 21:07:37.084
2020-07-15 21:06:37,085 INFO 80302 [Job#15948183970845658537305971326] /Users/shenyangchun/Documents/github/egg-example/app/schedule/order.js executing by app
2020-07-15 21:06:37,085 INFO 80302 [Job#15948183970845658537305971326] /Users/shenyangchun/Documents/github/egg-example/app/schedule/order.js execute succeed, used 0ms
2020-07-15 21:07:37,083 INFO 80298 [Timer] /Users/shenyangchun/Documents/github/egg-example/app/schedule/order.js next time will execute after 60000ms at 2020-07-15 21:08:37.083
2020-07-15 21:07:37,084 INFO 80302 [Job#15948184570835659137317873177] /Users/shenyangchun/Documents/github/egg-example/app/schedule/order.js executing by app
2020-07-15 21:07:37,084 INFO 80302 [Job#15948184570835659137317873177] /Users/shenyangchun/Documents/github/egg-example/app/schedule/order.js execute succeed, used 0ms
2020-07-15 21:08:37,081 INFO 80298 [Timer] /Users/shenyangchun/Documents/github/egg-example/app/schedule/order.js next time will execute after 60000ms at 2020-07-15 21:09:37.081
2020-07-15 21:08:37,082 INFO 80302 [Job#15948185170815659737319839408] /Users/shenyangchun/Documents/github/egg-example/app/schedule/order.js executing by app
2020-07-15 21:08:37,082 INFO 80302 [Job#15948185170815659737319839408] /Users/shenyangchun/Documents/github/egg-example/app/schedule/order.js execute succeed, used 0ms
2020-07-15 21:09:37,085 INFO 80298 [Timer] /Users/shenyangchun/Documents/github/egg-example/app/schedule/order.js next time will execute after 60000ms at 2020-07-15 21:10:37.085
2020-07-15 21:09:37,086 INFO 80302 [Job#15948185770855660337379700329] /Users/shenyangchun/Documents/github/egg-example/app/schedule/order.js executing by app
2020-07-15 21:09:37,086 INFO 80302 [Job#15948185770855660337379700329] /Users/shenyangchun/Documents/github/egg-example/app/schedule/order.js execute succeed, used 0ms
2020-07-15 21:10:37,087 INFO 80298 [Timer] /Users/shenyangchun/Documents/github/egg-example/app/schedule/order.js next time will execute after 60000ms at 2020-07-15 21:11:37.087
2020-07-15 21:10:37,088 INFO 80302 [Job#159481863708756609374257685810] /Users/shenyangchun/Documents/github/egg-example/app/schedule/order.js executing by app
2020-07-15 21:10:37,088 INFO 80302 [Job#159481863708756609374257685810] /Users/shenyangchun/Documents/github/egg-example/app/schedule/order.js execute succeed, used 0ms
2020-07-15 21:11:37,089 INFO 80298 [Timer] /Users/shenyangchun/Documents/github/egg-example/app/schedule/order.js next time will execute after 60000ms at 2020-07-15 21:12:37.089
2020-07-15 21:11:37,090 INFO 80302 [Job#159481869708956615374651926111] /Users/shenyangchun/Documents/github/egg-example/app/schedule/order.js executing by app
2020-07-15 21:11:37,090 INFO 80302 [Job#159481869708956615374651926111] /Users/shenyangchun/Documents/github/egg-example/app/schedule/order.js execute succeed, used 0ms
2020-07-15 21:12:37,091 INFO 80298 [Timer] /Users/shenyangchun/Documents/github/egg-example/app/schedule/order.js next time will execute after 60000ms at 2020-07-15 21:13:37.091
2020-07-15 21:12:37,092 INFO 80302 [Job#159481875709156621375054737612] /Users/shenyangchun/Documents/github/egg-example/app/schedule/order.js executing by app
2020-07-15 21:12:37,092 INFO 80302 [Job#159481875709156621375054737612] /Users/shenyangchun/Documents/github/egg-example/app/schedule/order.js execute succeed, used 0ms
2020-07-15 21:13:37,093 INFO 80298 [Timer] /Users/shenyangchun/Documents/github/egg-example/app/schedule/order.js next time will execute after 60000ms at 2020-07-15 21:14:37.093
2020-07-15 21:13:37,094 INFO 80302 [Job#159481881709356627375492272613] /Users/shenyangchun/Documents/github/egg-example/app/schedule/order.js executing by app
2020-07-15 21:13:37,094 INFO 80302 [Job#159481881709356627375492272613] /Users/shenyangchun/Documents/github/egg-example/app/schedule/order.js execute succeed, used 0ms
2020-07-15 21:14:37,096 INFO 80298 [Timer] /Users/shenyangchun/Documents/github/egg-example/app/schedule/order.js next time will execute after 60000ms at 2020-07-15 21:15:37.096
2020-07-15 21:14:37,096 INFO 80302 [Job#159481887709656633375988724214] /Users/shenyangchun/Documents/github/egg-example/app/schedule/order.js executing by app
2020-07-15 21:14:37,096 INFO 80302 [Job#159481887709656633375988724214] /Users/shenyangchun/Documents/github/egg-example/app/schedule/order.js execute succeed, used 0ms
2020-07-15 21:15:37,101 INFO 80298 [Timer] /Users/shenyangchun/Documents/github/egg-example/app/schedule/order.js next time will execute after 60000ms at 2020-07-15 21:16:37.101
2020-07-15 21:15:37,101 INFO 80302 [Job#159481893710156639376454677115] /Users/shenyangchun/Documents/github/egg-example/app/schedule/order.js executing by app
2020-07-15 21:15:37,102 INFO 80302 [Job#159481893710156639376454677115] /Users/shenyangchun/Documents/github/egg-example/app/schedule/order.js execute succeed, used 1ms
2020-07-15 21:16:37,101 INFO 80298 [Timer] /Users/shenyangchun/Documents/github/egg-example/app/schedule/order.js next time will execute after 60000ms at 2020-07-15 21:17:37.101
2020-07-15 21:16:37,101 INFO 80302 [Job#159481899710156645376600427716] /Users/shenyangchun/Documents/github/egg-example/app/schedule/order.js executing by app
2020-07-15 21:16:37,102 INFO 80302 [Job#159481899710156645376600427716] /Users/shenyangchun/Documents/github/egg-example/app/schedule/order.js execute succeed, used 1ms
2020-07-15 21:17:37,101 INFO 80302 [Job#159481905710156651376792594917] /Users/shenyangchun/Documents/github/egg-example/app/schedule/order.js executing by app
2020-07-15 21:17:37,101 INFO 80302 [Job#159481905710156651376792594917] /Users/shenyangchun/Documents/github/egg-example/app/schedule/order.js execute succeed, used 0ms
2020-07-15 21:17:37,101 INFO 80298 [Timer] /Users/shenyangchun/Documents/github/egg-example/app/schedule/order.js next time will execute after 60000ms at 2020-07-15 21:18:37.101
2020-07-15 21:18:37,104 INFO 80298 [Timer] /Users/shenyangchun/Documents/github/egg-example/app/schedule/order.js next time will execute after 60000ms at 2020-07-15 21:19:37.103
2020-07-15 21:18:37,104 INFO 80302 [Job#159481911710356657377291349318] /Users/shenyangchun/Documents/github/egg-example/app/schedule/order.js executing by app
2020-07-15 21:18:37,104 INFO 80302 [Job#159481911710356657377291349318] /Users/shenyangchun/Documents/github/egg-example/app/schedule/order.js execute succeed, used 0ms
2020-07-15 21:18:49,720 INFO 80890 [egg-schedule]: register schedule /Users/shenyangchun/Documents/github/egg-example/node_modules/egg-multipart/app/schedule/clean_tmpdir.js
2020-07-15 21:18:49,720 INFO 80890 [egg-schedule]: register schedule /Users/shenyangchun/Documents/github/egg-example/node_modules/egg-logrotator/app/schedule/clean_log.js
2020-07-15 21:18:49,720 INFO 80890 [egg-schedule]: register schedule /Users/shenyangchun/Documents/github/egg-example/node_modules/egg-logrotator/app/schedule/rotate_by_file.js
2020-07-15 21:18:49,720 INFO 80890 [egg-schedule]: register schedule /Users/shenyangchun/Documents/github/egg-example/app/schedule/order.js
2020-07-15 21:18:52,548 INFO 80908 [egg-schedule]: register schedule /Users/shenyangchun/Documents/github/egg-example/node_modules/egg-multipart/app/schedule/clean_tmpdir.js
2020-07-15 21:18:52,548 INFO 80908 [egg-schedule]: register schedule /Users/shenyangchun/Documents/github/egg-example/node_modules/egg-logrotator/app/schedule/clean_log.js
2020-07-15 21:18:52,548 INFO 80908 [egg-schedule]: register schedule /Users/shenyangchun/Documents/github/egg-example/node_modules/egg-logrotator/app/schedule/rotate_by_file.js
2020-07-15 21:18:52,548 INFO 80908 [egg-schedule]: register schedule /Users/shenyangchun/Documents/github/egg-example/app/schedule/order.js
2020-07-15 21:18:53,742 INFO 80910 [egg-schedule]: register schedule /Users/shenyangchun/Documents/github/egg-example/node_modules/egg-multipart/app/schedule/clean_tmpdir.js
2020-07-15 21:18:53,742 INFO 80910 [egg-schedule]: register schedule /Users/shenyangchun/Documents/github/egg-example/node_modules/egg-logrotator/app/schedule/clean_log.js
2020-07-15 21:18:53,742 INFO 80910 [egg-schedule]: register schedule /Users/shenyangchun/Documents/github/egg-example/node_modules/egg-logrotator/app/schedule/rotate_by_file.js
2020-07-15 21:18:53,742 INFO 80910 [egg-schedule]: register schedule /Users/shenyangchun/Documents/github/egg-example/app/schedule/order.js
2020-07-15 21:19:37,107 INFO 80298 [Timer] /Users/shenyangchun/Documents/github/egg-example/app/schedule/order.js next time will execute after 60000ms at 2020-07-15 21:20:37.107
2020-07-15 21:19:37,108 INFO 80910 [Job#159481917710756663377862075619] /Users/shenyangchun/Documents/github/egg-example/app/schedule/order.js executing by app
2020-07-15 21:19:37,110 INFO 80910 [Job#159481917710756663377862075619] /Users/shenyangchun/Documents/github/egg-example/app/schedule/order.js execute succeed, used 1ms
2020-07-15 21:20:37,109 INFO 80298 [Timer] /Users/shenyangchun/Documents/github/egg-example/app/schedule/order.js next time will execute after 60000ms at 2020-07-15 21:21:37.109
2020-07-15 21:20:37,110 INFO 80910 [Job#159481923710856669378241797220] /Users/shenyangchun/Documents/github/egg-example/app/schedule/order.js executing by app
2020-07-15 21:20:37,110 INFO 80910 [Job#159481923710856669378241797220] /Users/shenyangchun/Documents/github/egg-example/app/schedule/order.js execute succeed, used 0ms
2020-07-15 21:21:37,111 INFO 80910 [Job#159481929711156675378705082621] /Users/shenyangchun/Documents/github/egg-example/app/schedule/order.js executing by app
2020-07-15 21:21:37,111 INFO 80910 [Job#159481929711156675378705082621] /Users/shenyangchun/Documents/github/egg-example/app/schedule/order.js execute succeed, used 0ms
2020-07-15 21:21:37,111 INFO 80298 [Timer] /Users/shenyangchun/Documents/github/egg-example/app/schedule/order.js next time will execute after 60000ms at 2020-07-15 21:22:37.111
2020-07-15 21:22:37,112 INFO 80910 [Job#159481935711156681378982206722] /Users/shenyangchun/Documents/github/egg-example/app/schedule/order.js executing by app
2020-07-15 21:22:37,112 INFO 80910 [Job#159481935711156681378982206722] /Users/shenyangchun/Documents/github/egg-example/app/schedule/order.js execute succeed, used 0ms
2020-07-15 21:22:37,112 INFO 80298 [Timer] /Users/shenyangchun/Documents/github/egg-example/app/schedule/order.js next time will execute after 60000ms at 2020-07-15 21:23:37.112
2020-07-15 21:23:37,113 INFO 80298 [Timer] /Users/shenyangchun/Documents/github/egg-example/app/schedule/order.js next time will execute after 60000ms at 2020-07-15 21:24:37.113
2020-07-15 21:23:37,114 INFO 80910 [Job#159481941711356687379390544323] /Users/shenyangchun/Documents/github/egg-example/app/schedule/order.js executing by app
2020-07-15 21:23:37,114 INFO 80910 [Job#159481941711356687379390544323] /Users/shenyangchun/Documents/github/egg-example/app/schedule/order.js execute succeed, used 0ms
2020-07-15 21:24:37,115 INFO 80298 [Timer] /Users/shenyangchun/Documents/github/egg-example/app/schedule/order.js next time will execute after 60000ms at 2020-07-15 21:25:37.115
2020-07-15 21:24:37,116 INFO 80910 [Job#159481947711556693379785325924] /Users/shenyangchun/Documents/github/egg-example/app/schedule/order.js executing by app
2020-07-15 21:24:37,116 INFO 80910 [Job#159481947711556693379785325924] /Users/shenyangchun/Documents/github/egg-example/app/schedule/order.js execute succeed, used 0ms
2020-07-15 21:25:37,119 INFO 80910 [Job#159481953711856699380318624425] /Users/shenyangchun/Documents/github/egg-example/app/schedule/order.js executing by app
2020-07-15 21:25:37,119 INFO 80910 [Job#159481953711856699380318624425] /Users/shenyangchun/Documents/github/egg-example/app/schedule/order.js execute succeed, used 0ms
2020-07-15 21:25:37,118 INFO 80298 [Timer] /Users/shenyangchun/Documents/github/egg-example/app/schedule/order.js next time will execute after 60000ms at 2020-07-15 21:26:37.118
2020-07-15 21:26:23,747 INFO 81054 [egg-schedule]: register schedule /Users/shenyangchun/Documents/github/egg-example/node_modules/egg-multipart/app/schedule/clean_tmpdir.js
2020-07-15 21:26:23,747 INFO 81054 [egg-schedule]: register schedule /Users/shenyangchun/Documents/github/egg-example/node_modules/egg-logrotator/app/schedule/clean_log.js
2020-07-15 21:26:23,747 INFO 81054 [egg-schedule]: register schedule /Users/shenyangchun/Documents/github/egg-example/node_modules/egg-logrotator/app/schedule/rotate_by_file.js
2020-07-15 21:26:23,748 INFO 81054 [egg-schedule]: register schedule /Users/shenyangchun/Documents/github/egg-example/app/schedule/order.js
2020-07-15 21:26:24,751 INFO 81055 [egg-schedule]: register schedule /Users/shenyangchun/Documents/github/egg-example/node_modules/egg-multipart/app/schedule/clean_tmpdir.js
2020-07-15 21:26:24,751 INFO 81055 [egg-schedule]: register schedule /Users/shenyangchun/Documents/github/egg-example/node_modules/egg-logrotator/app/schedule/clean_log.js
2020-07-15 21:26:24,751 INFO 81055 [egg-schedule]: register schedule /Users/shenyangchun/Documents/github/egg-example/node_modules/egg-logrotator/app/schedule/rotate_by_file.js
2020-07-15 21:26:24,751 INFO 81055 [egg-schedule]: register schedule /Users/shenyangchun/Documents/github/egg-example/app/schedule/order.js
2020-07-15 21:26:25,580 INFO 81057 [egg-schedule]: register schedule /Users/shenyangchun/Documents/github/egg-example/node_modules/egg-multipart/app/schedule/clean_tmpdir.js
2020-07-15 21:26:25,580 INFO 81057 [egg-schedule]: register schedule /Users/shenyangchun/Documents/github/egg-example/node_modules/egg-logrotator/app/schedule/clean_log.js
2020-07-15 21:26:25,580 INFO 81057 [egg-schedule]: register schedule /Users/shenyangchun/Documents/github/egg-example/node_modules/egg-logrotator/app/schedule/rotate_by_file.js
2020-07-15 21:26:25,580 INFO 81057 [egg-schedule]: register schedule /Users/shenyangchun/Documents/github/egg-example/app/schedule/order.js
2020-07-15 21:26:37,120 INFO 81057 [Job#159481959711956705380617946926] /Users/shenyangchun/Documents/github/egg-example/app/schedule/order.js executing by app
2020-07-15 21:26:37,122 INFO 81057 [Job#159481959711956705380617946926] /Users/shenyangchun/Documents/github/egg-example/app/schedule/order.js execute succeed, used 1ms
2020-07-15 21:26:37,119 INFO 80298 [Timer] /Users/shenyangchun/Documents/github/egg-example/app/schedule/order.js next time will execute after 60000ms at 2020-07-15 21:27:37.119
2020-07-15 21:27:37,122 INFO 80298 [Timer] /Users/shenyangchun/Documents/github/egg-example/app/schedule/order.js next time will execute after 60000ms at 2020-07-15 21:28:37.122
2020-07-15 21:28:37,121 INFO 80298 [Timer] /Users/shenyangchun/Documents/github/egg-example/app/schedule/order.js next time will execute after 60000ms at 2020-07-15 21:29:37.121
2020-07-15 21:29:37,122 INFO 80298 [Timer] /Users/shenyangchun/Documents/github/egg-example/app/schedule/order.js next time will execute after 60000ms at 2020-07-15 21:30:37.122
2020-07-15 21:30:37,125 INFO 80298 [Timer] /Users/shenyangchun/Documents/github/egg-example/app/schedule/order.js next time will execute after 60000ms at 2020-07-15 21:31:37.125
2020-07-15 21:31:37,127 INFO 80298 [Timer] /Users/shenyangchun/Documents/github/egg-example/app/schedule/order.js next time will execute after 60000ms at 2020-07-15 21:32:37.127
2020-07-15 21:32:37,127 INFO 80298 [Timer] /Users/shenyangchun/Documents/github/egg-example/app/schedule/order.js next time will execute after 60000ms at 2020-07-15 21:33:37.127
2020-07-15 21:33:37,129 INFO 80298 [Timer] /Users/shenyangchun/Documents/github/egg-example/app/schedule/order.js next time will execute after 60000ms at 2020-07-15 21:34:37.129
2020-07-15 21:34:37,128 INFO 80298 [Timer] /Users/shenyangchun/Documents/github/egg-example/app/schedule/order.js next time will execute after 60000ms at 2020-07-15 21:35:37.128
2020-07-15 21:35:37,130 INFO 80298 [Timer] /Users/shenyangchun/Documents/github/egg-example/app/schedule/order.js next time will execute after 60000ms at 2020-07-15 21:36:37.130
2020-07-15 21:36:37,131 INFO 80298 [Timer] /Users/shenyangchun/Documents/github/egg-example/app/schedule/order.js next time will execute after 60000ms at 2020-07-15 21:37:37.131
2020-07-15 21:37:37,133 INFO 80298 [Timer] /Users/shenyangchun/Documents/github/egg-example/app/schedule/order.js next time will execute after 60000ms at 2020-07-15 21:38:37.133
2020-07-15 21:38:37,137 INFO 80298 [Timer] /Users/shenyangchun/Documents/github/egg-example/app/schedule/order.js next time will execute after 60000ms at 2020-07-15 21:39:37.137
2020-07-15 21:39:36,064 INFO 81370 [egg-schedule]: register schedule /Users/shenyangchun/Documents/github/egg-example/node_modules/egg-multipart/app/schedule/clean_tmpdir.js
2020-07-15 21:39:36,064 INFO 81370 [egg-schedule]: register schedule /Users/shenyangchun/Documents/github/egg-example/node_modules/egg-logrotator/app/schedule/clean_log.js
2020-07-15 21:39:36,064 INFO 81370 [egg-schedule]: register schedule /Users/shenyangchun/Documents/github/egg-example/node_modules/egg-logrotator/app/schedule/rotate_by_file.js
2020-07-15 21:39:36,064 INFO 81370 [egg-schedule]: register schedule /Users/shenyangchun/Documents/github/egg-example/app/schedule/order.js
2020-07-15 21:39:36,479 INFO 81366 [Timer] /Users/shenyangchun/Documents/github/egg-example/node_modules/egg-multipart/app/schedule/clean_tmpdir.js next time will execute after 24623524ms at 2020-07-16 04:30:00.003
2020-07-15 21:39:36,479 INFO 81366 [Timer] /Users/shenyangchun/Documents/github/egg-example/node_modules/egg-logrotator/app/schedule/clean_log.js next time will execute after 8423521ms at 2020-07-16 00:00:00.000
2020-07-15 21:39:36,480 INFO 81366 [Timer] /Users/shenyangchun/Documents/github/egg-example/node_modules/egg-logrotator/app/schedule/rotate_by_file.js next time will execute after 8424521ms at 2020-07-16 00:00:01.001
2020-07-15 21:39:36,480 INFO 81366 [Timer] /Users/shenyangchun/Documents/github/egg-example/app/schedule/order.js next time will execute after 60000ms at 2020-07-15 21:40:36.480
2020-07-15 21:40:36,484 INFO 81370 [Job#15948204364835678932024223481] /Users/shenyangchun/Documents/github/egg-example/app/schedule/order.js executing by app
2020-07-15 21:40:36,485 INFO 81370 [Job#15948204364835678932024223481] /Users/shenyangchun/Documents/github/egg-example/app/schedule/order.js execute succeed, used 1ms
2020-07-15 21:40:36,483 INFO 81366 [Timer] /Users/shenyangchun/Documents/github/egg-example/app/schedule/order.js next time will execute after 60000ms at 2020-07-15 21:41:36.483
2020-07-15 21:41:36,482 INFO 81366 [Timer] /Users/shenyangchun/Documents/github/egg-example/app/schedule/order.js next time will execute after 60000ms at 2020-07-15 21:42:36.482
2020-07-15 21:41:36,482 INFO 81370 [Job#15948204964815679532032028302] /Users/shenyangchun/Documents/github/egg-example/app/schedule/order.js executing by app
2020-07-15 21:41:36,483 INFO 81370 [Job#15948204964815679532032028302] /Users/shenyangchun/Documents/github/egg-example/app/schedule/order.js execute succeed, used 1ms
2020-07-15 21:42:36,481 INFO 81370 [Job#15948205564805680132039957593] /Users/shenyangchun/Documents/github/egg-example/app/schedule/order.js executing by app
2020-07-15 21:42:36,481 INFO 81370 [Job#15948205564805680132039957593] /Users/shenyangchun/Documents/github/egg-example/app/schedule/order.js execute succeed, used 0ms
2020-07-15 21:42:36,480 INFO 81366 [Timer] /Users/shenyangchun/Documents/github/egg-example/app/schedule/order.js next time will execute after 60000ms at 2020-07-15 21:43:36.480
2020-07-15 21:43:36,482 INFO 81370 [Job#15948206164815680732070765794] /Users/shenyangchun/Documents/github/egg-example/app/schedule/order.js executing by app
2020-07-15 21:43:36,482 INFO 81370 [Job#15948206164815680732070765794] /Users/shenyangchun/Documents/github/egg-example/app/schedule/order.js execute succeed, used 0ms
2020-07-15 21:43:36,481 INFO 81366 [Timer] /Users/shenyangchun/Documents/github/egg-example/app/schedule/order.js next time will execute after 60000ms at 2020-07-15 21:44:36.481
2020-07-15 21:44:36,486 INFO 81370 [Job#15948206764865681332140671065] /Users/shenyangchun/Documents/github/egg-example/app/schedule/order.js executing by app
2020-07-15 21:44:36,486 INFO 81370 [Job#15948206764865681332140671065] /Users/shenyangchun/Documents/github/egg-example/app/schedule/order.js execute succeed, used 0ms
2020-07-15 21:44:36,486 INFO 81366 [Timer] /Users/shenyangchun/Documents/github/egg-example/app/schedule/order.js next time will execute after 60000ms at 2020-07-15 21:45:36.486
2020-07-15 21:45:36,491 INFO 81370 [Job#15948207364915681932212281346] /Users/shenyangchun/Documents/github/egg-example/app/schedule/order.js executing by app
2020-07-15 21:45:36,491 INFO 81370 [Job#15948207364915681932212281346] /Users/shenyangchun/Documents/github/egg-example/app/schedule/order.js execute succeed, used 0ms
2020-07-15 21:45:36,491 INFO 81366 [Timer] /Users/shenyangchun/Documents/github/egg-example/app/schedule/order.js next time will execute after 60000ms at 2020-07-15 21:46:36.491
2020-07-15 21:46:36,496 INFO 81370 [Job#15948207964955682532282744647] /Users/shenyangchun/Documents/github/egg-example/app/schedule/order.js executing by app
2020-07-15 21:46:36,496 INFO 81370 [Job#15948207964955682532282744647] /Users/shenyangchun/Documents/github/egg-example/app/schedule/order.js execute succeed, used 0ms
2020-07-15 21:46:36,496 INFO 81366 [Timer] /Users/shenyangchun/Documents/github/egg-example/app/schedule/order.js next time will execute after 60000ms at 2020-07-15 21:47:36.496
2020-07-15 21:48:08,644 INFO 81366 [Timer] /Users/shenyangchun/Documents/github/egg-example/app/schedule/order.js next time will execute after 60000ms at 2020-07-15 21:49:08.644
2020-07-15 21:48:08,644 INFO 81370 [Job#15948208886445683132334112648] /Users/shenyangchun/Documents/github/egg-example/app/schedule/order.js executing by app
2020-07-15 21:48:08,645 INFO 81370 [Job#15948208886445683132334112648] /Users/shenyangchun/Documents/github/egg-example/app/schedule/order.js execute succeed, used 1ms
2020-07-15 21:48:17,045 INFO 81553 [egg-schedule]: register schedule /Users/shenyangchun/Documents/github/egg-example/node_modules/egg-multipart/app/schedule/clean_tmpdir.js
2020-07-15 21:48:17,045 INFO 81553 [egg-schedule]: register schedule /Users/shenyangchun/Documents/github/egg-example/node_modules/egg-logrotator/app/schedule/clean_log.js
2020-07-15 21:48:17,045 INFO 81553 [egg-schedule]: register schedule /Users/shenyangchun/Documents/github/egg-example/node_modules/egg-logrotator/app/schedule/rotate_by_file.js
2020-07-15 21:48:17,045 INFO 81553 [egg-schedule]: register schedule /Users/shenyangchun/Documents/github/egg-example/app/schedule/order.js
2020-07-15 21:48:18,507 INFO 81568 [egg-schedule]: register schedule /Users/shenyangchun/Documents/github/egg-example/node_modules/egg-multipart/app/schedule/clean_tmpdir.js
2020-07-15 21:48:18,507 INFO 81568 [egg-schedule]: register schedule /Users/shenyangchun/Documents/github/egg-example/node_modules/egg-logrotator/app/schedule/clean_log.js
2020-07-15 21:48:18,507 INFO 81568 [egg-schedule]: register schedule /Users/shenyangchun/Documents/github/egg-example/node_modules/egg-logrotator/app/schedule/rotate_by_file.js
2020-07-15 21:48:18,507 INFO 81568 [egg-schedule]: register schedule /Users/shenyangchun/Documents/github/egg-example/app/schedule/order.js
2020-07-15 21:48:30,148 INFO 81589 [egg-schedule]: register schedule /Users/shenyangchun/Documents/github/egg-example/node_modules/egg-multipart/app/schedule/clean_tmpdir.js
2020-07-15 21:48:30,148 INFO 81589 [egg-schedule]: register schedule /Users/shenyangchun/Documents/github/egg-example/node_modules/egg-logrotator/app/schedule/clean_log.js
2020-07-15 21:48:30,148 INFO 81589 [egg-schedule]: register schedule /Users/shenyangchun/Documents/github/egg-example/node_modules/egg-logrotator/app/schedule/rotate_by_file.js
2020-07-15 21:48:30,148 INFO 81589 [egg-schedule]: register schedule /Users/shenyangchun/Documents/github/egg-example/app/schedule/order.js
2020-07-15 21:48:31,275 INFO 81590 [egg-schedule]: register schedule /Users/shenyangchun/Documents/github/egg-example/node_modules/egg-multipart/app/schedule/clean_tmpdir.js
2020-07-15 21:48:31,275 INFO 81590 [egg-schedule]: register schedule /Users/shenyangchun/Documents/github/egg-example/node_modules/egg-logrotator/app/schedule/clean_log.js
2020-07-15 21:48:31,275 INFO 81590 [egg-schedule]: register schedule /Users/shenyangchun/Documents/github/egg-example/node_modules/egg-logrotator/app/schedule/rotate_by_file.js
2020-07-15 21:48:31,276 INFO 81590 [egg-schedule]: register schedule /Users/shenyangchun/Documents/github/egg-example/app/schedule/order.js
2020-07-15 21:48:32,357 INFO 81591 [egg-schedule]: register schedule /Users/shenyangchun/Documents/github/egg-example/node_modules/egg-multipart/app/schedule/clean_tmpdir.js
2020-07-15 21:48:32,357 INFO 81591 [egg-schedule]: register schedule /Users/shenyangchun/Documents/github/egg-example/node_modules/egg-logrotator/app/schedule/clean_log.js
2020-07-15 21:48:32,357 INFO 81591 [egg-schedule]: register schedule /Users/shenyangchun/Documents/github/egg-example/node_modules/egg-logrotator/app/schedule/rotate_by_file.js
2020-07-15 21:48:32,358 INFO 81591 [egg-schedule]: register schedule /Users/shenyangchun/Documents/github/egg-example/app/schedule/order.js
